<?xml version="1.0" encoding="utf-8"?>
<test-run id="0" testcasecount="155" total="155" passed="140" failed="15" inconclusive="0" skipped="0" asserts="695" result="Failed" portable-engine-version="3.3.0.0" start-time="2017-01-13 09:32:49Z" end-time="2017-01-13 09:32:51Z" duration="1.137799">
  <test-run id="0" testcasecount="155" total="155" passed="140" failed="15" inconclusive="0" skipped="0" asserts="695" result="Failed" portable-engine-version="3.3.0.0" start-time="2017-01-13 09:32:50Z" end-time="2017-01-13 09:32:51Z" duration="0.992658">
    <test-suite type="Assembly" id="1189" name="DateTimeExtensions.Tests.dll" fullname="c:/JMS/Repository/DateTimeExtensions/tests/DateTimeExtensions.Tests/bin/Debug/netcoreapp1.0/DateTimeExtensions.Tests.dll" runstate="Runnable" testcasecount="155" result="Failed" site="Child" start-time="2017-01-13 09:32:50Z" end-time="2017-01-13 09:32:51Z" duration="0.928075" total="155" passed="140" failed="15" warnings="0" inconclusive="0" skipped="0" asserts="695">
      <environment framework-version="3.6.0.0" clr-version=".NET Core 4.6.24628.01" os-version="Microsoft Windows 10.0.14393 " cwd="c:\JMS\Repository\DateTimeExtensions\tests\DateTimeExtensions.Tests" machine-name="JMS-MINDBUS" culture="pt-PT" uiculture="es-ES" os-architecture="X64" />
      <settings>
        <setting name="WorkDirectory" value="c:\JMS\Repository\DateTimeExtensions\tests\DateTimeExtensions.Tests" />
      </settings>
      <failure>
        <message><![CDATA[One or more child tests had errors]]></message>
      </failure>
      <test-suite type="TestSuite" id="1190" name="DateTimeExtensions" fullname="DateTimeExtensions" runstate="Runnable" testcasecount="155" result="Failed" site="Child" start-time="2017-01-13 09:32:50Z" end-time="2017-01-13 09:32:51Z" duration="0.920076" total="155" passed="140" failed="15" warnings="0" inconclusive="0" skipped="0" asserts="695">
        <failure>
          <message><![CDATA[One or more child tests had errors]]></message>
        </failure>
        <test-suite type="TestSuite" id="1191" name="Tests" fullname="DateTimeExtensions.Tests" runstate="Runnable" testcasecount="155" result="Failed" site="Child" start-time="2017-01-13 09:32:50Z" end-time="2017-01-13 09:32:51Z" duration="0.919768" total="155" passed="140" failed="15" warnings="0" inconclusive="0" skipped="0" asserts="695">
          <failure>
            <message><![CDATA[One or more child tests had errors]]></message>
          </failure>
          <test-suite type="TestFixture" id="1000" name="ARSAWorkingDays" fullname="DateTimeExtensions.Tests.ARSAWorkingDays" classname="DateTimeExtensions.Tests.ARSAWorkingDays" runstate="Runnable" testcasecount="4" result="Passed" start-time="2017-01-13 09:32:50Z" end-time="2017-01-13 09:32:50Z" duration="0.142589" total="4" passed="4" failed="0" warnings="0" inconclusive="0" skipped="0" asserts="37">
            <test-case id="1002" name="are_working_days_on_friday_and_saturday" fullname="DateTimeExtensions.Tests.ARSAWorkingDays.are_working_days_on_friday_and_saturday" methodname="are_working_days_on_friday_and_saturday" classname="DateTimeExtensions.Tests.ARSAWorkingDays" runstate="Runnable" seed="2119090020" result="Passed" start-time="2017-01-13 09:32:50Z" end-time="2017-01-13 09:32:50Z" duration="0.035377" asserts="2" />
            <test-case id="1004" name="can_generate_holidays" fullname="DateTimeExtensions.Tests.ARSAWorkingDays.can_generate_holidays" methodname="can_generate_holidays" classname="DateTimeExtensions.Tests.ARSAWorkingDays" runstate="Runnable" seed="388656304" result="Passed" start-time="2017-01-13 09:32:50Z" end-time="2017-01-13 09:32:50Z" duration="0.025773" asserts="20" />
            <test-case id="1001" name="can_get_strateryies" fullname="DateTimeExtensions.Tests.ARSAWorkingDays.can_get_strateryies" methodname="can_get_strateryies" classname="DateTimeExtensions.Tests.ARSAWorkingDays" runstate="Runnable" seed="1293661748" result="Passed" start-time="2017-01-13 09:32:50Z" end-time="2017-01-13 09:32:50Z" duration="0.012538" asserts="2" />
            <test-case id="1003" name="holiday_days_span" fullname="DateTimeExtensions.Tests.ARSAWorkingDays.holiday_days_span" methodname="holiday_days_span" classname="DateTimeExtensions.Tests.ARSAWorkingDays" runstate="Runnable" seed="151666342" result="Passed" start-time="2017-01-13 09:32:50Z" end-time="2017-01-13 09:32:50Z" duration="0.003307" asserts="13" />
          </test-suite>
          <test-suite type="TestFixture" id="1005" name="ChineseHolidaysTests" fullname="DateTimeExtensions.Tests.ChineseHolidaysTests" classname="DateTimeExtensions.Tests.ChineseHolidaysTests" runstate="Runnable" testcasecount="2" result="Passed" start-time="2017-01-13 09:32:50Z" end-time="2017-01-13 09:32:50Z" duration="0.014066" total="2" passed="2" failed="0" warnings="0" inconclusive="0" skipped="0" asserts="6">
            <test-case id="1006" name="SpringFetivalTests" fullname="DateTimeExtensions.Tests.ChineseHolidaysTests.SpringFetivalTests" methodname="SpringFetivalTests" classname="DateTimeExtensions.Tests.ChineseHolidaysTests" runstate="Runnable" seed="360278334" result="Passed" start-time="2017-01-13 09:32:50Z" end-time="2017-01-13 09:32:50Z" duration="0.006824" asserts="3" />
            <test-case id="1007" name="TombSweepingDayTests" fullname="DateTimeExtensions.Tests.ChineseHolidaysTests.TombSweepingDayTests" methodname="TombSweepingDayTests" classname="DateTimeExtensions.Tests.ChineseHolidaysTests" runstate="Runnable" seed="651960867" result="Passed" start-time="2017-01-13 09:32:50Z" end-time="2017-01-13 09:32:50Z" duration="0.002405" asserts="3" />
          </test-suite>
          <test-suite type="TestFixture" id="1008" name="ChristianHolidaysTests" fullname="DateTimeExtensions.Tests.ChristianHolidaysTests" classname="DateTimeExtensions.Tests.ChristianHolidaysTests" runstate="Runnable" testcasecount="5" result="Passed" start-time="2017-01-13 09:32:50Z" end-time="2017-01-13 09:32:50Z" duration="0.035124" total="5" passed="5" failed="0" warnings="0" inconclusive="0" skipped="0" asserts="135">
            <test-case id="1011" name="ascencion_is_39_days_after_easter" fullname="DateTimeExtensions.Tests.ChristianHolidaysTests.ascencion_is_39_days_after_easter" methodname="ascencion_is_39_days_after_easter" classname="DateTimeExtensions.Tests.ChristianHolidaysTests" runstate="Runnable" seed="334466907" result="Passed" start-time="2017-01-13 09:32:50Z" end-time="2017-01-13 09:32:50Z" duration="0.004008" asserts="27" />
            <test-case id="1009" name="can_calculate_easter" fullname="DateTimeExtensions.Tests.ChristianHolidaysTests.can_calculate_easter" methodname="can_calculate_easter" classname="DateTimeExtensions.Tests.ChristianHolidaysTests" runstate="Runnable" seed="1690338161" result="Passed" start-time="2017-01-13 09:32:50Z" end-time="2017-01-13 09:32:50Z" duration="0.001117" asserts="27" />
            <test-case id="1013" name="carnival_is_47_days_before_easter" fullname="DateTimeExtensions.Tests.ChristianHolidaysTests.carnival_is_47_days_before_easter" methodname="carnival_is_47_days_before_easter" classname="DateTimeExtensions.Tests.ChristianHolidaysTests" runstate="Runnable" seed="1302556890" result="Passed" start-time="2017-01-13 09:32:50Z" end-time="2017-01-13 09:32:50Z" duration="0.000947" asserts="27" />
            <test-case id="1012" name="palmSunday_is_7_days_before_easter" fullname="DateTimeExtensions.Tests.ChristianHolidaysTests.palmSunday_is_7_days_before_easter" methodname="palmSunday_is_7_days_before_easter" classname="DateTimeExtensions.Tests.ChristianHolidaysTests" runstate="Runnable" seed="1636049171" result="Passed" start-time="2017-01-13 09:32:50Z" end-time="2017-01-13 09:32:50Z" duration="0.008850" asserts="27" />
            <test-case id="1010" name="pentecost_is_49_days_after_easter" fullname="DateTimeExtensions.Tests.ChristianHolidaysTests.pentecost_is_49_days_after_easter" methodname="pentecost_is_49_days_after_easter" classname="DateTimeExtensions.Tests.ChristianHolidaysTests" runstate="Runnable" seed="317117343" result="Passed" start-time="2017-01-13 09:32:50Z" end-time="2017-01-13 09:32:50Z" duration="0.001400" asserts="27" />
          </test-suite>
          <test-suite type="TestFixture" id="1176" name="DefaultNamesTest" fullname="DateTimeExtensions.Tests.DefaultNamesTest" classname="DateTimeExtensions.Tests.DefaultNamesTest" runstate="Runnable" testcasecount="1" result="Passed" start-time="2017-01-13 09:32:50Z" end-time="2017-01-13 09:32:50Z" duration="0.044916" total="1" passed="1" failed="0" warnings="0" inconclusive="0" skipped="0" asserts="13">
            <test-case id="1177" name="AssertDefaultGlobalHolidaysAreTranslated" fullname="DateTimeExtensions.Tests.DefaultNamesTest.AssertDefaultGlobalHolidaysAreTranslated" methodname="AssertDefaultGlobalHolidaysAreTranslated" classname="DateTimeExtensions.Tests.DefaultNamesTest" runstate="Runnable" seed="1580049756" result="Passed" start-time="2017-01-13 09:32:50Z" end-time="2017-01-13 09:32:50Z" duration="0.035151" asserts="13" />
          </test-suite>
          <test-suite type="TestFixture" id="1014" name="en_NZCalendarTest" fullname="DateTimeExtensions.Tests.en_NZCalendarTest" classname="DateTimeExtensions.Tests.en_NZCalendarTest" runstate="Runnable" testcasecount="4" result="Passed" start-time="2017-01-13 09:32:50Z" end-time="2017-01-13 09:32:50Z" duration="0.014466" total="4" passed="4" failed="0" warnings="0" inconclusive="0" skipped="0" asserts="32">
            <test-case id="1018" name="BoxingDay" fullname="DateTimeExtensions.Tests.en_NZCalendarTest.BoxingDay" methodname="BoxingDay" classname="DateTimeExtensions.Tests.en_NZCalendarTest" runstate="Runnable" seed="325495145" result="Passed" start-time="2017-01-13 09:32:50Z" end-time="2017-01-13 09:32:50Z" duration="0.004373" asserts="8" />
            <test-case id="1017" name="Christmas" fullname="DateTimeExtensions.Tests.en_NZCalendarTest.Christmas" methodname="Christmas" classname="DateTimeExtensions.Tests.en_NZCalendarTest" runstate="Runnable" seed="1876375558" result="Passed" start-time="2017-01-13 09:32:50Z" end-time="2017-01-13 09:32:50Z" duration="0.000599" asserts="8" />
            <test-case id="1016" name="DayAfterNewYearsDay" fullname="DateTimeExtensions.Tests.en_NZCalendarTest.DayAfterNewYearsDay" methodname="DayAfterNewYearsDay" classname="DateTimeExtensions.Tests.en_NZCalendarTest" runstate="Runnable" seed="17831633" result="Passed" start-time="2017-01-13 09:32:50Z" end-time="2017-01-13 09:32:50Z" duration="0.001123" asserts="8" />
            <test-case id="1015" name="NewYearsDay" fullname="DateTimeExtensions.Tests.en_NZCalendarTest.NewYearsDay" methodname="NewYearsDay" classname="DateTimeExtensions.Tests.en_NZCalendarTest" runstate="Runnable" seed="505205335" result="Passed" start-time="2017-01-13 09:32:50Z" end-time="2017-01-13 09:32:50Z" duration="0.000772" asserts="8" />
          </test-suite>
          <test-suite type="TestFixture" id="1019" name="ExampleTests" fullname="DateTimeExtensions.Tests.ExampleTests" classname="DateTimeExtensions.Tests.ExampleTests" runstate="Runnable" testcasecount="12" result="Failed" site="Child" start-time="2017-01-13 09:32:50Z" end-time="2017-01-13 09:32:50Z" duration="0.219762" total="12" passed="11" failed="1" warnings="0" inconclusive="0" skipped="0" asserts="57">
            <failure>
              <message><![CDATA[One or more child tests had errors]]></message>
            </failure>
            <test-case id="1024" name="check_working_day" fullname="DateTimeExtensions.Tests.ExampleTests.check_working_day" methodname="check_working_day" classname="DateTimeExtensions.Tests.ExampleTests" runstate="Runnable" seed="952416527" result="Passed" start-time="2017-01-13 09:32:50Z" end-time="2017-01-13 09:32:50Z" duration="0.019962" asserts="4" />
            <test-case id="1031" name="get_first_and_last_tuesday_of_august" fullname="DateTimeExtensions.Tests.ExampleTests.get_first_and_last_tuesday_of_august" methodname="get_first_and_last_tuesday_of_august" classname="DateTimeExtensions.Tests.ExampleTests" runstate="Runnable" seed="1798740447" result="Passed" start-time="2017-01-13 09:32:50Z" end-time="2017-01-13 09:32:50Z" duration="0.000874" asserts="2" />
            <test-case id="1030" name="get_next_and_last_tuesday" fullname="DateTimeExtensions.Tests.ExampleTests.get_next_and_last_tuesday" methodname="get_next_and_last_tuesday" classname="DateTimeExtensions.Tests.ExampleTests" runstate="Runnable" seed="451879084" result="Passed" start-time="2017-01-13 09:32:50Z" end-time="2017-01-13 09:32:50Z" duration="0.000422" asserts="2" />
            <test-case id="1029" name="get_us_holidays_in_2015_passes" fullname="DateTimeExtensions.Tests.ExampleTests.get_us_holidays_in_2015_passes" methodname="get_us_holidays_in_2015_passes" classname="DateTimeExtensions.Tests.ExampleTests" runstate="Runnable" seed="392578280" result="Passed" start-time="2017-01-13 09:32:50Z" end-time="2017-01-13 09:32:50Z" duration="0.028103" asserts="11" />
            <test-case id="1028" name="get_year_prior_2013_holidays_in_portugal" fullname="DateTimeExtensions.Tests.ExampleTests.get_year_prior_2013_holidays_in_portugal" methodname="get_year_prior_2013_holidays_in_portugal" classname="DateTimeExtensions.Tests.ExampleTests" runstate="Runnable" seed="1321180738" result="Passed" start-time="2017-01-13 09:32:50Z" end-time="2017-01-13 09:32:50Z" duration="0.001344" asserts="14" />
            <test-case id="1027" name="get_year_since_2013_holidays_in_portugal" fullname="DateTimeExtensions.Tests.ExampleTests.get_year_since_2013_holidays_in_portugal" methodname="get_year_since_2013_holidays_in_portugal" classname="DateTimeExtensions.Tests.ExampleTests" runstate="Runnable" seed="801284483" result="Passed" start-time="2017-01-13 09:32:50Z" end-time="2017-01-13 09:32:50Z" duration="0.001036" asserts="10" />
            <test-case id="1022" name="globally_recomended_calculation" fullname="DateTimeExtensions.Tests.ExampleTests.globally_recomended_calculation" methodname="globally_recomended_calculation" classname="DateTimeExtensions.Tests.ExampleTests" runstate="Runnable" seed="299352181" result="Passed" start-time="2017-01-13 09:32:50Z" end-time="2017-01-13 09:32:50Z" duration="0.001890" asserts="2" />
            <test-case id="1023" name="holidays" fullname="DateTimeExtensions.Tests.ExampleTests.holidays" methodname="holidays" classname="DateTimeExtensions.Tests.ExampleTests" runstate="Runnable" seed="359035285" result="Passed" start-time="2017-01-13 09:32:50Z" end-time="2017-01-13 09:32:50Z" duration="0.001042" asserts="4" />
            <test-case id="1026" name="provide_custom_culture" fullname="DateTimeExtensions.Tests.ExampleTests.provide_custom_culture" methodname="provide_custom_culture" classname="DateTimeExtensions.Tests.ExampleTests" runstate="Runnable" seed="1109945917" result="Passed" start-time="2017-01-13 09:32:50Z" end-time="2017-01-13 09:32:50Z" duration="0.004292" asserts="3" />
            <test-case id="1025" name="provide_custom_strategies" fullname="DateTimeExtensions.Tests.ExampleTests.provide_custom_strategies" methodname="provide_custom_strategies" classname="DateTimeExtensions.Tests.ExampleTests" runstate="Runnable" seed="2147262722" result="Failed" start-time="2017-01-13 09:32:50Z" end-time="2017-01-13 09:32:50Z" duration="0.127146" asserts="1">
              <failure>
                <message><![CDATA[  Expected: True
  But was:  False
]]></message>
                <stack-trace><![CDATA[at DateTimeExtensions.Tests.ExampleTests.provide_custom_strategies() in c:\JMS\Repository\DateTimeExtensions\tests\DateTimeExtensions.Tests\ExampleTests.cs:line 126
]]></stack-trace>
              </failure>
              <assertions>
                <assertion result="Failed">
                  <message><![CDATA[  Expected: True
  But was:  False
]]></message>
                  <stack-trace><![CDATA[at DateTimeExtensions.Tests.ExampleTests.provide_custom_strategies() in c:\JMS\Repository\DateTimeExtensions\tests\DateTimeExtensions.Tests\ExampleTests.cs:line 126
]]></stack-trace>
                </assertion>
              </assertions>
            </test-case>
            <test-case id="1021" name="recomended_calculation" fullname="DateTimeExtensions.Tests.ExampleTests.recomended_calculation" methodname="recomended_calculation" classname="DateTimeExtensions.Tests.ExampleTests" runstate="Runnable" seed="179965148" result="Passed" start-time="2017-01-13 09:32:50Z" end-time="2017-01-13 09:32:50Z" duration="0.000644" asserts="2" />
            <test-case id="1020" name="simple_calculation" fullname="DateTimeExtensions.Tests.ExampleTests.simple_calculation" methodname="simple_calculation" classname="DateTimeExtensions.Tests.ExampleTests" runstate="Runnable" seed="1570342882" result="Passed" start-time="2017-01-13 09:32:50Z" end-time="2017-01-13 09:32:50Z" duration="0.000821" asserts="2" />
          </test-suite>
          <test-suite type="TestFixture" id="1032" name="FrCaHolidaysTests" fullname="DateTimeExtensions.Tests.FrCaHolidaysTests" classname="DateTimeExtensions.Tests.FrCaHolidaysTests" runstate="Runnable" testcasecount="4" result="Passed" start-time="2017-01-13 09:32:50Z" end-time="2017-01-13 09:32:50Z" duration="0.015230" total="4" passed="4" failed="0" warnings="0" inconclusive="0" skipped="0" asserts="5">
            <test-case id="1034" name="assert_holidays_count" fullname="DateTimeExtensions.Tests.FrCaHolidaysTests.assert_holidays_count" methodname="assert_holidays_count" classname="DateTimeExtensions.Tests.FrCaHolidaysTests" runstate="Runnable" seed="1036933496" result="Passed" start-time="2017-01-13 09:32:50Z" end-time="2017-01-13 09:32:50Z" duration="0.003275" asserts="1" />
            <test-case id="1035" name="assert_holidays_on_weekend_observed_on_monday" fullname="DateTimeExtensions.Tests.FrCaHolidaysTests.assert_holidays_on_weekend_observed_on_monday" methodname="assert_holidays_on_weekend_observed_on_monday" classname="DateTimeExtensions.Tests.FrCaHolidaysTests" runstate="Runnable" seed="1542328833" result="Passed" start-time="2017-01-13 09:32:50Z" end-time="2017-01-13 09:32:50Z" duration="0.001615" asserts="2" />
            <test-case id="1033" name="can_get_stratery" fullname="DateTimeExtensions.Tests.FrCaHolidaysTests.can_get_stratery" methodname="can_get_stratery" classname="DateTimeExtensions.Tests.FrCaHolidaysTests" runstate="Runnable" seed="1397321458" result="Passed" start-time="2017-01-13 09:32:50Z" end-time="2017-01-13 09:32:50Z" duration="0.000723" asserts="1" />
            <test-case id="1036" name="CanWorkOn2016" fullname="DateTimeExtensions.Tests.FrCaHolidaysTests.CanWorkOn2016" methodname="CanWorkOn2016" classname="DateTimeExtensions.Tests.FrCaHolidaysTests" runstate="Runnable" seed="726632083" result="Passed" start-time="2017-01-13 09:32:50Z" end-time="2017-01-13 09:32:50Z" duration="0.000733" asserts="1" />
          </test-suite>
          <test-suite type="TestFixture" id="1037" name="FRNaturalTimeTests" fullname="DateTimeExtensions.Tests.FRNaturalTimeTests" classname="DateTimeExtensions.Tests.FRNaturalTimeTests" runstate="Runnable" testcasecount="8" result="Passed" start-time="2017-01-13 09:32:50Z" end-time="2017-01-13 09:32:50Z" duration="0.038388" total="8" passed="8" failed="0" warnings="0" inconclusive="0" skipped="0" asserts="35">
            <test-case id="1042" name="are_orderless" fullname="DateTimeExtensions.Tests.FRNaturalTimeTests.are_orderless" methodname="are_orderless" classname="DateTimeExtensions.Tests.FRNaturalTimeTests" runstate="Runnable" seed="1435750866" result="Passed" start-time="2017-01-13 09:32:50Z" end-time="2017-01-13 09:32:50Z" duration="0.015200" asserts="5" />
            <test-case id="1045" name="can_pluralize" fullname="DateTimeExtensions.Tests.FRNaturalTimeTests.can_pluralize" methodname="can_pluralize" classname="DateTimeExtensions.Tests.FRNaturalTimeTests" runstate="Runnable" seed="1624596162" result="Passed" start-time="2017-01-13 09:32:50Z" end-time="2017-01-13 09:32:50Z" duration="0.000565" asserts="6" />
            <test-case id="1044" name="can_pluralize_months" fullname="DateTimeExtensions.Tests.FRNaturalTimeTests.can_pluralize_months" methodname="can_pluralize_months" classname="DateTimeExtensions.Tests.FRNaturalTimeTests" runstate="Runnable" seed="353320179" result="Passed" start-time="2017-01-13 09:32:50Z" end-time="2017-01-13 09:32:50Z" duration="0.001972" asserts="6" />
            <test-case id="1043" name="can_pluralize_years" fullname="DateTimeExtensions.Tests.FRNaturalTimeTests.can_pluralize_years" methodname="can_pluralize_years" classname="DateTimeExtensions.Tests.FRNaturalTimeTests" runstate="Runnable" seed="1434550572" result="Passed" start-time="2017-01-13 09:32:50Z" end-time="2017-01-13 09:32:50Z" duration="0.000673" asserts="6" />
            <test-case id="1040" name="can_tranlate_to_exact_natural_text" fullname="DateTimeExtensions.Tests.FRNaturalTimeTests.can_tranlate_to_exact_natural_text" methodname="can_tranlate_to_exact_natural_text" classname="DateTimeExtensions.Tests.FRNaturalTimeTests" runstate="Runnable" seed="985410890" result="Passed" start-time="2017-01-13 09:32:50Z" end-time="2017-01-13 09:32:50Z" duration="0.000376" asserts="3" />
            <test-case id="1041" name="can_tranlate_to_exact_natural_text_full" fullname="DateTimeExtensions.Tests.FRNaturalTimeTests.can_tranlate_to_exact_natural_text_full" methodname="can_tranlate_to_exact_natural_text_full" classname="DateTimeExtensions.Tests.FRNaturalTimeTests" runstate="Runnable" seed="961212046" result="Passed" start-time="2017-01-13 09:32:50Z" end-time="2017-01-13 09:32:50Z" duration="0.000512" asserts="3" />
            <test-case id="1038" name="can_tranlate_to_natural_text" fullname="DateTimeExtensions.Tests.FRNaturalTimeTests.can_tranlate_to_natural_text" methodname="can_tranlate_to_natural_text" classname="DateTimeExtensions.Tests.FRNaturalTimeTests" runstate="Runnable" seed="2074573146" result="Passed" start-time="2017-01-13 09:32:50Z" end-time="2017-01-13 09:32:50Z" duration="0.000337" asserts="3" />
            <test-case id="1039" name="can_tranlate_to_natural_text_rounded" fullname="DateTimeExtensions.Tests.FRNaturalTimeTests.can_tranlate_to_natural_text_rounded" methodname="can_tranlate_to_natural_text_rounded" classname="DateTimeExtensions.Tests.FRNaturalTimeTests" runstate="Runnable" seed="1816400683" result="Passed" start-time="2017-01-13 09:32:50Z" end-time="2017-01-13 09:32:50Z" duration="0.000621" asserts="3" />
          </test-suite>
          <test-suite type="TestFixture" id="1046" name="GenericCalendarTests" fullname="DateTimeExtensions.Tests.GenericCalendarTests" classname="DateTimeExtensions.Tests.GenericCalendarTests" runstate="Runnable" testcasecount="8" result="Passed" start-time="2017-01-13 09:32:50Z" end-time="2017-01-13 09:32:50Z" duration="0.030510" total="8" passed="8" failed="0" warnings="0" inconclusive="0" skipped="0" asserts="28">
            <test-case id="1051" name="adding_large_number_of_days" fullname="DateTimeExtensions.Tests.GenericCalendarTests.adding_large_number_of_days" methodname="adding_large_number_of_days" classname="DateTimeExtensions.Tests.GenericCalendarTests" runstate="Runnable" seed="1458020132" result="Passed" start-time="2017-01-13 09:32:50Z" end-time="2017-01-13 09:32:50Z" duration="0.000238" asserts="2" />
            <test-case id="1048" name="adding_working_days_should_not_count_weekends" fullname="DateTimeExtensions.Tests.GenericCalendarTests.adding_working_days_should_not_count_weekends" methodname="adding_working_days_should_not_count_weekends" classname="DateTimeExtensions.Tests.GenericCalendarTests" runstate="Runnable" seed="2122050750" result="Passed" start-time="2017-01-13 09:32:50Z" end-time="2017-01-13 09:32:50Z" duration="0.000503" asserts="5" />
            <test-case id="1050" name="adding_zero_working_days_should_return_same_day" fullname="DateTimeExtensions.Tests.GenericCalendarTests.adding_zero_working_days_should_return_same_day" methodname="adding_zero_working_days_should_return_same_day" classname="DateTimeExtensions.Tests.GenericCalendarTests" runstate="Runnable" seed="584581003" result="Passed" start-time="2017-01-13 09:32:50Z" end-time="2017-01-13 09:32:50Z" duration="0.000613" asserts="3" />
            <test-case id="1047" name="default_working_days" fullname="DateTimeExtensions.Tests.GenericCalendarTests.default_working_days" methodname="default_working_days" classname="DateTimeExtensions.Tests.GenericCalendarTests" runstate="Runnable" seed="1667520051" result="Passed" start-time="2017-01-13 09:32:50Z" end-time="2017-01-13 09:32:50Z" duration="0.001195" asserts="10" />
            <test-case id="1052" name="get_working_days" fullname="DateTimeExtensions.Tests.GenericCalendarTests.get_working_days" methodname="get_working_days" classname="DateTimeExtensions.Tests.GenericCalendarTests" runstate="Runnable" seed="459252339" result="Passed" start-time="2017-01-13 09:32:50Z" end-time="2017-01-13 09:32:50Z" duration="0.007935" asserts="1" />
            <test-case id="1053" name="get_working_days_reverse" fullname="DateTimeExtensions.Tests.GenericCalendarTests.get_working_days_reverse" methodname="get_working_days_reverse" classname="DateTimeExtensions.Tests.GenericCalendarTests" runstate="Runnable" seed="676401445" result="Passed" start-time="2017-01-13 09:32:50Z" end-time="2017-01-13 09:32:50Z" duration="0.000715" asserts="1" />
            <test-case id="1054" name="get_working_days_same_day" fullname="DateTimeExtensions.Tests.GenericCalendarTests.get_working_days_same_day" methodname="get_working_days_same_day" classname="DateTimeExtensions.Tests.GenericCalendarTests" runstate="Runnable" seed="429720981" result="Passed" start-time="2017-01-13 09:32:50Z" end-time="2017-01-13 09:32:50Z" duration="0.001031" asserts="1" />
            <test-case id="1049" name="subtracting_working_days_should_not_count_weekends" fullname="DateTimeExtensions.Tests.GenericCalendarTests.subtracting_working_days_should_not_count_weekends" methodname="subtracting_working_days_should_not_count_weekends" classname="DateTimeExtensions.Tests.GenericCalendarTests" runstate="Runnable" seed="1345991586" result="Passed" start-time="2017-01-13 09:32:50Z" end-time="2017-01-13 09:32:50Z" duration="0.000553" asserts="5" />
          </test-suite>
          <test-suite type="TestFixture" id="1055" name="GenericNaturalTimeTests" fullname="DateTimeExtensions.Tests.GenericNaturalTimeTests" classname="DateTimeExtensions.Tests.GenericNaturalTimeTests" runstate="Runnable" testcasecount="13" result="Passed" start-time="2017-01-13 09:32:50Z" end-time="2017-01-13 09:32:50Z" duration="0.036756" total="13" passed="13" failed="0" warnings="0" inconclusive="0" skipped="0" asserts="66">
            <test-case id="1064" name="are_orderless" fullname="DateTimeExtensions.Tests.GenericNaturalTimeTests.are_orderless" methodname="are_orderless" classname="DateTimeExtensions.Tests.GenericNaturalTimeTests" runstate="Runnable" seed="1588312069" result="Passed" start-time="2017-01-13 09:32:50Z" end-time="2017-01-13 09:32:50Z" duration="0.000700" asserts="5" />
            <test-case id="1067" name="can_pluralize" fullname="DateTimeExtensions.Tests.GenericNaturalTimeTests.can_pluralize" methodname="can_pluralize" classname="DateTimeExtensions.Tests.GenericNaturalTimeTests" runstate="Runnable" seed="1513478067" result="Passed" start-time="2017-01-13 09:32:50Z" end-time="2017-01-13 09:32:50Z" duration="0.000929" asserts="6" />
            <test-case id="1066" name="can_pluralize_months" fullname="DateTimeExtensions.Tests.GenericNaturalTimeTests.can_pluralize_months" methodname="can_pluralize_months" classname="DateTimeExtensions.Tests.GenericNaturalTimeTests" runstate="Runnable" seed="1166553666" result="Passed" start-time="2017-01-13 09:32:50Z" end-time="2017-01-13 09:32:50Z" duration="0.000559" asserts="6" />
            <test-case id="1065" name="can_pluralize_years" fullname="DateTimeExtensions.Tests.GenericNaturalTimeTests.can_pluralize_years" methodname="can_pluralize_years" classname="DateTimeExtensions.Tests.GenericNaturalTimeTests" runstate="Runnable" seed="862941443" result="Passed" start-time="2017-01-13 09:32:50Z" end-time="2017-01-13 09:32:50Z" duration="0.001332" asserts="6" />
            <test-case id="1068" name="can_round" fullname="DateTimeExtensions.Tests.GenericNaturalTimeTests.can_round" methodname="can_round" classname="DateTimeExtensions.Tests.GenericNaturalTimeTests" runstate="Runnable" seed="904997421" result="Passed" start-time="2017-01-13 09:32:50Z" end-time="2017-01-13 09:32:50Z" duration="0.001524" asserts="19" />
            <test-case id="1058" name="can_tranlate_to_exact_natural_text" fullname="DateTimeExtensions.Tests.GenericNaturalTimeTests.can_tranlate_to_exact_natural_text" methodname="can_tranlate_to_exact_natural_text" classname="DateTimeExtensions.Tests.GenericNaturalTimeTests" runstate="Runnable" seed="1929351070" result="Passed" start-time="2017-01-13 09:32:50Z" end-time="2017-01-13 09:32:50Z" duration="0.000375" asserts="3" />
            <test-case id="1059" name="can_tranlate_to_exact_natural_text_full" fullname="DateTimeExtensions.Tests.GenericNaturalTimeTests.can_tranlate_to_exact_natural_text_full" methodname="can_tranlate_to_exact_natural_text_full" classname="DateTimeExtensions.Tests.GenericNaturalTimeTests" runstate="Runnable" seed="348642289" result="Passed" start-time="2017-01-13 09:32:50Z" end-time="2017-01-13 09:32:50Z" duration="0.001022" asserts="3" />
            <test-case id="1063" name="can_tranlate_to_exact_natural_text_full_on_april" fullname="DateTimeExtensions.Tests.GenericNaturalTimeTests.can_tranlate_to_exact_natural_text_full_on_april" methodname="can_tranlate_to_exact_natural_text_full_on_april" classname="DateTimeExtensions.Tests.GenericNaturalTimeTests" runstate="Runnable" seed="16411849" result="Passed" start-time="2017-01-13 09:32:50Z" end-time="2017-01-13 09:32:50Z" duration="0.000631" asserts="3" />
            <test-case id="1060" name="can_tranlate_to_exact_natural_text_full_on_february_with_leap" fullname="DateTimeExtensions.Tests.GenericNaturalTimeTests.can_tranlate_to_exact_natural_text_full_on_february_with_leap" methodname="can_tranlate_to_exact_natural_text_full_on_february_with_leap" classname="DateTimeExtensions.Tests.GenericNaturalTimeTests" runstate="Runnable" seed="1753180813" result="Passed" start-time="2017-01-13 09:32:50Z" end-time="2017-01-13 09:32:50Z" duration="0.000397" asserts="3" />
            <test-case id="1061" name="can_tranlate_to_exact_natural_text_full_on_february_without_leap" fullname="DateTimeExtensions.Tests.GenericNaturalTimeTests.can_tranlate_to_exact_natural_text_full_on_february_without_leap" methodname="can_tranlate_to_exact_natural_text_full_on_february_without_leap" classname="DateTimeExtensions.Tests.GenericNaturalTimeTests" runstate="Runnable" seed="598850401" result="Passed" start-time="2017-01-13 09:32:50Z" end-time="2017-01-13 09:32:50Z" duration="0.000350" asserts="3" />
            <test-case id="1062" name="can_tranlate_to_exact_natural_text_full_on_march" fullname="DateTimeExtensions.Tests.GenericNaturalTimeTests.can_tranlate_to_exact_natural_text_full_on_march" methodname="can_tranlate_to_exact_natural_text_full_on_march" classname="DateTimeExtensions.Tests.GenericNaturalTimeTests" runstate="Runnable" seed="2046651402" result="Passed" start-time="2017-01-13 09:32:50Z" end-time="2017-01-13 09:32:50Z" duration="0.000342" asserts="3" />
            <test-case id="1056" name="can_tranlate_to_natural_text" fullname="DateTimeExtensions.Tests.GenericNaturalTimeTests.can_tranlate_to_natural_text" methodname="can_tranlate_to_natural_text" classname="DateTimeExtensions.Tests.GenericNaturalTimeTests" runstate="Runnable" seed="902796200" result="Passed" start-time="2017-01-13 09:32:50Z" end-time="2017-01-13 09:32:50Z" duration="0.000315" asserts="3" />
            <test-case id="1057" name="can_tranlate_to_natural_text_rounded" fullname="DateTimeExtensions.Tests.GenericNaturalTimeTests.can_tranlate_to_natural_text_rounded" methodname="can_tranlate_to_natural_text_rounded" classname="DateTimeExtensions.Tests.GenericNaturalTimeTests" runstate="Runnable" seed="160831600" result="Passed" start-time="2017-01-13 09:32:50Z" end-time="2017-01-13 09:32:50Z" duration="0.000257" asserts="3" />
          </test-suite>
          <test-suite type="TestFixture" id="1069" name="GenericWorkingDayCultureInfoTests" fullname="DateTimeExtensions.Tests.GenericWorkingDayCultureInfoTests" classname="DateTimeExtensions.Tests.GenericWorkingDayCultureInfoTests" runstate="Runnable" testcasecount="4" result="Failed" site="Child" start-time="2017-01-13 09:32:50Z" end-time="2017-01-13 09:32:50Z" duration="0.054815" total="4" passed="2" failed="2" warnings="0" inconclusive="0" skipped="0" asserts="4">
            <failure>
              <message><![CDATA[One or more child tests had errors]]></message>
            </failure>
            <test-case id="1070" name="can_locate_default_strategies" fullname="DateTimeExtensions.Tests.GenericWorkingDayCultureInfoTests.can_locate_default_strategies" methodname="can_locate_default_strategies" classname="DateTimeExtensions.Tests.GenericWorkingDayCultureInfoTests" runstate="Runnable" seed="321263599" result="Passed" start-time="2017-01-13 09:32:50Z" end-time="2017-01-13 09:32:50Z" duration="0.002492" asserts="3" />
            <test-case id="1072" name="can_provide_custom_locator_dayOfWeek_strategy" fullname="DateTimeExtensions.Tests.GenericWorkingDayCultureInfoTests.can_provide_custom_locator_dayOfWeek_strategy" methodname="can_provide_custom_locator_dayOfWeek_strategy" classname="DateTimeExtensions.Tests.GenericWorkingDayCultureInfoTests" runstate="Runnable" seed="1269491741" result="Failed" label="Error" start-time="2017-01-13 09:32:50Z" end-time="2017-01-13 09:32:50Z" duration="0.037613" asserts="0">
              <failure>
                <message><![CDATA[System.TypeInitializationException : The type initializer for 'NSubstitute.Core.SubstitutionContext' threw an exception.
  ----> System.IO.FileNotFoundException : Could not load file or assembly 'System.Diagnostics.TraceSource, Version=4.0.0.0, Culture=neutral, PublicKeyToken=b03f5f7f11d50a3a'. The system cannot find the file specified.]]></message>
                <stack-trace><![CDATA[   at NSubstitute.Substitute.For(Type[] typesToProxy, Object[] constructorArguments)
   at NSubstitute.Substitute.For[T](Object[] constructorArguments)
   at DateTimeExtensions.Tests.GenericWorkingDayCultureInfoTests.can_provide_custom_locator_dayOfWeek_strategy() in c:\JMS\Repository\DateTimeExtensions\tests\DateTimeExtensions.Tests\GenericWorkingDayCultureInfoTests.cs:line 51
--FileNotFoundException
   at Castle.Core.Logging.TraceLogger..ctor(String name, LoggerLevel level)
   at Castle.DynamicProxy.ProxyGenerator..ctor(IProxyBuilder builder)
   at NSubstitute.Proxies.CastleDynamicProxy.CastleDynamicProxyFactory..ctor()
   at NSubstitute.Core.SubstitutionContext..ctor()
   at NSubstitute.Core.SubstitutionContext..cctor()]]></stack-trace>
              </failure>
            </test-case>
            <test-case id="1071" name="can_provide_custom_locator_holiday_dayOfWeek_strategy" fullname="DateTimeExtensions.Tests.GenericWorkingDayCultureInfoTests.can_provide_custom_locator_holiday_dayOfWeek_strategy" methodname="can_provide_custom_locator_holiday_dayOfWeek_strategy" classname="DateTimeExtensions.Tests.GenericWorkingDayCultureInfoTests" runstate="Runnable" seed="273262551" result="Failed" label="Error" start-time="2017-01-13 09:32:50Z" end-time="2017-01-13 09:32:50Z" duration="0.003361" asserts="0">
              <failure>
                <message><![CDATA[System.TypeInitializationException : The type initializer for 'NSubstitute.Core.SubstitutionContext' threw an exception.
  ----> System.IO.FileNotFoundException : Could not load file or assembly 'System.Diagnostics.TraceSource, Version=4.0.0.0, Culture=neutral, PublicKeyToken=b03f5f7f11d50a3a'. The system cannot find the file specified.]]></message>
                <stack-trace><![CDATA[   at NSubstitute.Substitute.For(Type[] typesToProxy, Object[] constructorArguments)
   at NSubstitute.Substitute.For[T](Object[] constructorArguments)
   at DateTimeExtensions.Tests.GenericWorkingDayCultureInfoTests.can_provide_custom_locator_holiday_dayOfWeek_strategy() in c:\JMS\Repository\DateTimeExtensions\tests\DateTimeExtensions.Tests\GenericWorkingDayCultureInfoTests.cs:line 30
--FileNotFoundException
   at Castle.Core.Logging.TraceLogger..ctor(String name, LoggerLevel level)
   at Castle.DynamicProxy.ProxyGenerator..ctor(IProxyBuilder builder)
   at NSubstitute.Proxies.CastleDynamicProxy.CastleDynamicProxyFactory..ctor()
   at NSubstitute.Core.SubstitutionContext..ctor()
   at NSubstitute.Core.SubstitutionContext..cctor()]]></stack-trace>
              </failure>
            </test-case>
            <test-case id="1073" name="picks_a_holiday_when_two_holidays_occur_on_the_same_date" fullname="DateTimeExtensions.Tests.GenericWorkingDayCultureInfoTests.picks_a_holiday_when_two_holidays_occur_on_the_same_date" methodname="picks_a_holiday_when_two_holidays_occur_on_the_same_date" classname="DateTimeExtensions.Tests.GenericWorkingDayCultureInfoTests" runstate="Runnable" seed="682754917" result="Passed" start-time="2017-01-13 09:32:50Z" end-time="2017-01-13 09:32:50Z" duration="0.003159" asserts="1" />
          </test-suite>
          <test-suite type="TestFixture" id="1074" name="HolidaysTest" fullname="DateTimeExtensions.Tests.HolidaysTest" classname="DateTimeExtensions.Tests.HolidaysTest" runstate="Runnable" testcasecount="3" result="Passed" start-time="2017-01-13 09:32:50Z" end-time="2017-01-13 09:32:50Z" duration="0.007691" total="3" passed="3" failed="0" warnings="0" inconclusive="0" skipped="0" asserts="9">
            <test-case id="1076" name="easter" fullname="DateTimeExtensions.Tests.HolidaysTest.easter" methodname="easter" classname="DateTimeExtensions.Tests.HolidaysTest" runstate="Runnable" seed="1328843853" result="Passed" start-time="2017-01-13 09:32:50Z" end-time="2017-01-13 09:32:50Z" duration="0.000674" asserts="3" />
            <test-case id="1077" name="fixedHolidays" fullname="DateTimeExtensions.Tests.HolidaysTest.fixedHolidays" methodname="fixedHolidays" classname="DateTimeExtensions.Tests.HolidaysTest" runstate="Runnable" seed="620388310" result="Passed" start-time="2017-01-13 09:32:50Z" end-time="2017-01-13 09:32:50Z" duration="0.001014" asserts="2" />
            <test-case id="1075" name="nth_day_of_the_week" fullname="DateTimeExtensions.Tests.HolidaysTest.nth_day_of_the_week" methodname="nth_day_of_the_week" classname="DateTimeExtensions.Tests.HolidaysTest" runstate="Runnable" seed="1807549769" result="Passed" start-time="2017-01-13 09:32:50Z" end-time="2017-01-13 09:32:50Z" duration="0.000680" asserts="4" />
          </test-suite>
          <test-suite type="TestSuite" id="1192" name="HolidaysTranslations" fullname="DateTimeExtensions.Tests.HolidaysTranslations" runstate="Runnable" testcasecount="2" result="Passed" start-time="2017-01-13 09:32:50Z" end-time="2017-01-13 09:32:50Z" duration="0.009356" total="2" passed="2" failed="0" warnings="0" inconclusive="0" skipped="0" asserts="22">
            <test-suite type="TestFixture" id="1185" name="GermanHolidayNamesTest" fullname="DateTimeExtensions.Tests.HolidaysTranslations.GermanHolidayNamesTest" classname="DateTimeExtensions.Tests.HolidaysTranslations.GermanHolidayNamesTest" runstate="Runnable" testcasecount="1" result="Passed" start-time="2017-01-13 09:32:50Z" end-time="2017-01-13 09:32:50Z" duration="0.003901" total="1" passed="1" failed="0" warnings="0" inconclusive="0" skipped="0" asserts="17">
              <test-case id="1186" name="AssertGermanHolidaysAreTranslated" fullname="DateTimeExtensions.Tests.HolidaysTranslations.GermanHolidayNamesTest.AssertGermanHolidaysAreTranslated" methodname="AssertGermanHolidaysAreTranslated" classname="DateTimeExtensions.Tests.HolidaysTranslations.GermanHolidayNamesTest" runstate="Runnable" seed="491965064" result="Passed" start-time="2017-01-13 09:32:50Z" end-time="2017-01-13 09:32:50Z" duration="0.002185" asserts="17" />
            </test-suite>
            <test-suite type="TestFixture" id="1187" name="ViHolidaysNamesTest" fullname="DateTimeExtensions.Tests.HolidaysTranslations.ViHolidaysNamesTest" classname="DateTimeExtensions.Tests.HolidaysTranslations.ViHolidaysNamesTest" runstate="Runnable" testcasecount="1" result="Passed" start-time="2017-01-13 09:32:50Z" end-time="2017-01-13 09:32:50Z" duration="0.004859" total="1" passed="1" failed="0" warnings="0" inconclusive="0" skipped="0" asserts="5">
              <test-case id="1188" name="AssertVietNamHolidaysAreTranslated" fullname="DateTimeExtensions.Tests.HolidaysTranslations.ViHolidaysNamesTest.AssertVietNamHolidaysAreTranslated" methodname="AssertVietNamHolidaysAreTranslated" classname="DateTimeExtensions.Tests.HolidaysTranslations.ViHolidaysNamesTest" runstate="Runnable" seed="12342752" result="Passed" start-time="2017-01-13 09:32:50Z" end-time="2017-01-13 09:32:50Z" duration="0.002465" asserts="5" />
            </test-suite>
          </test-suite>
          <test-suite type="TestFixture" id="1078" name="JewishHolidaysTests" fullname="DateTimeExtensions.Tests.JewishHolidaysTests" classname="DateTimeExtensions.Tests.JewishHolidaysTests" runstate="Runnable" testcasecount="10" result="Passed" start-time="2017-01-13 09:32:50Z" end-time="2017-01-13 09:32:50Z" duration="0.021673" total="10" passed="10" failed="0" warnings="0" inconclusive="0" skipped="0" asserts="30">
            <test-case id="1085" name="can_identify_Pesach" fullname="DateTimeExtensions.Tests.JewishHolidaysTests.can_identify_Pesach" methodname="can_identify_Pesach" classname="DateTimeExtensions.Tests.JewishHolidaysTests" runstate="Runnable" seed="759781309" result="Passed" start-time="2017-01-13 09:32:50Z" end-time="2017-01-13 09:32:50Z" duration="0.000984" asserts="3" />
            <test-case id="1079" name="can_identify_RoshHashanah" fullname="DateTimeExtensions.Tests.JewishHolidaysTests.can_identify_RoshHashanah" methodname="can_identify_RoshHashanah" classname="DateTimeExtensions.Tests.JewishHolidaysTests" runstate="Runnable" seed="1198104228" result="Passed" start-time="2017-01-13 09:32:50Z" end-time="2017-01-13 09:32:50Z" duration="0.000641" asserts="3" />
            <test-case id="1080" name="can_identify_RoshHashanahSecondDay" fullname="DateTimeExtensions.Tests.JewishHolidaysTests.can_identify_RoshHashanahSecondDay" methodname="can_identify_RoshHashanahSecondDay" classname="DateTimeExtensions.Tests.JewishHolidaysTests" runstate="Runnable" seed="1671492329" result="Passed" start-time="2017-01-13 09:32:50Z" end-time="2017-01-13 09:32:50Z" duration="0.000571" asserts="3" />
            <test-case id="1087" name="can_identify_Shavuot" fullname="DateTimeExtensions.Tests.JewishHolidaysTests.can_identify_Shavuot" methodname="can_identify_Shavuot" classname="DateTimeExtensions.Tests.JewishHolidaysTests" runstate="Runnable" seed="660130811" result="Passed" start-time="2017-01-13 09:32:50Z" end-time="2017-01-13 09:32:50Z" duration="0.000432" asserts="3" />
            <test-case id="1083" name="can_identify_ShminiAtzeret" fullname="DateTimeExtensions.Tests.JewishHolidaysTests.can_identify_ShminiAtzeret" methodname="can_identify_ShminiAtzeret" classname="DateTimeExtensions.Tests.JewishHolidaysTests" runstate="Runnable" seed="1532760534" result="Passed" start-time="2017-01-13 09:32:50Z" end-time="2017-01-13 09:32:50Z" duration="0.000696" asserts="3" />
            <test-case id="1084" name="can_identify_ShminiTorah" fullname="DateTimeExtensions.Tests.JewishHolidaysTests.can_identify_ShminiTorah" methodname="can_identify_ShminiTorah" classname="DateTimeExtensions.Tests.JewishHolidaysTests" runstate="Runnable" seed="1277425766" result="Passed" start-time="2017-01-13 09:32:50Z" end-time="2017-01-13 09:32:50Z" duration="0.000922" asserts="3" />
            <test-case id="1086" name="can_identify_ShviiShelPesach" fullname="DateTimeExtensions.Tests.JewishHolidaysTests.can_identify_ShviiShelPesach" methodname="can_identify_ShviiShelPesach" classname="DateTimeExtensions.Tests.JewishHolidaysTests" runstate="Runnable" seed="1444155965" result="Passed" start-time="2017-01-13 09:32:50Z" end-time="2017-01-13 09:32:50Z" duration="0.000753" asserts="3" />
            <test-case id="1082" name="can_identify_Sukkot" fullname="DateTimeExtensions.Tests.JewishHolidaysTests.can_identify_Sukkot" methodname="can_identify_Sukkot" classname="DateTimeExtensions.Tests.JewishHolidaysTests" runstate="Runnable" seed="1290270283" result="Passed" start-time="2017-01-13 09:32:50Z" end-time="2017-01-13 09:32:50Z" duration="0.000841" asserts="3" />
            <test-case id="1088" name="can_identify_TuBishvat" fullname="DateTimeExtensions.Tests.JewishHolidaysTests.can_identify_TuBishvat" methodname="can_identify_TuBishvat" classname="DateTimeExtensions.Tests.JewishHolidaysTests" runstate="Runnable" seed="1248426248" result="Passed" start-time="2017-01-13 09:32:50Z" end-time="2017-01-13 09:32:50Z" duration="0.000464" asserts="3" />
            <test-case id="1081" name="can_identify_YomKippur" fullname="DateTimeExtensions.Tests.JewishHolidaysTests.can_identify_YomKippur" methodname="can_identify_YomKippur" classname="DateTimeExtensions.Tests.JewishHolidaysTests" runstate="Runnable" seed="1143377277" result="Passed" start-time="2017-01-13 09:32:50Z" end-time="2017-01-13 09:32:50Z" duration="0.000467" asserts="3" />
          </test-suite>
          <test-suite type="TestFixture" id="1178" name="KRHolidaysNamesTest" fullname="DateTimeExtensions.Tests.KRHolidaysNamesTest" classname="DateTimeExtensions.Tests.KRHolidaysNamesTest" runstate="Runnable" testcasecount="1" result="Passed" start-time="2017-01-13 09:32:50Z" end-time="2017-01-13 09:32:50Z" duration="0.007094" total="1" passed="1" failed="0" warnings="0" inconclusive="0" skipped="0" asserts="14">
            <test-case id="1179" name="AssertKoreanHolidaysAreTranslated" fullname="DateTimeExtensions.Tests.KRHolidaysNamesTest.AssertKoreanHolidaysAreTranslated" methodname="AssertKoreanHolidaysAreTranslated" classname="DateTimeExtensions.Tests.KRHolidaysNamesTest" runstate="Runnable" seed="386025695" result="Passed" start-time="2017-01-13 09:32:50Z" end-time="2017-01-13 09:32:50Z" duration="0.005103" asserts="14" />
          </test-suite>
          <test-suite type="TestFixture" id="1089" name="KRHolidaysTests" fullname="DateTimeExtensions.Tests.KRHolidaysTests" classname="DateTimeExtensions.Tests.KRHolidaysTests" runstate="Runnable" testcasecount="5" result="Passed" start-time="2017-01-13 09:32:50Z" end-time="2017-01-13 09:32:50Z" duration="0.016667" total="5" passed="5" failed="0" warnings="0" inconclusive="0" skipped="0" asserts="19">
            <test-case id="1090" name="can_get_strateryies" fullname="DateTimeExtensions.Tests.KRHolidaysTests.can_get_strateryies" methodname="can_get_strateryies" classname="DateTimeExtensions.Tests.KRHolidaysTests" runstate="Runnable" seed="1611908461" result="Passed" start-time="2017-01-13 09:32:50Z" end-time="2017-01-13 09:32:50Z" duration="0.001197" asserts="2" />
            <test-case id="1094" name="can_identify_Chuseok" fullname="DateTimeExtensions.Tests.KRHolidaysTests.can_identify_Chuseok" methodname="can_identify_Chuseok" classname="DateTimeExtensions.Tests.KRHolidaysTests" runstate="Runnable" seed="494163719" result="Passed" start-time="2017-01-13 09:32:50Z" end-time="2017-01-13 09:32:50Z" duration="0.001099" asserts="3" />
            <test-case id="1093" name="can_identify_SeokgaTansilil" fullname="DateTimeExtensions.Tests.KRHolidaysTests.can_identify_SeokgaTansilil" methodname="can_identify_SeokgaTansilil" classname="DateTimeExtensions.Tests.KRHolidaysTests" runstate="Runnable" seed="1368056973" result="Passed" start-time="2017-01-13 09:32:50Z" end-time="2017-01-13 09:32:50Z" duration="0.000428" asserts="3" />
            <test-case id="1092" name="can_identify_Seolnal" fullname="DateTimeExtensions.Tests.KRHolidaysTests.can_identify_Seolnal" methodname="can_identify_Seolnal" classname="DateTimeExtensions.Tests.KRHolidaysTests" runstate="Runnable" seed="1062327829" result="Passed" start-time="2017-01-13 09:32:50Z" end-time="2017-01-13 09:32:50Z" duration="0.000509" asserts="3" />
            <test-case id="1091" name="holiday_days_span" fullname="DateTimeExtensions.Tests.KRHolidaysTests.holiday_days_span" methodname="holiday_days_span" classname="DateTimeExtensions.Tests.KRHolidaysTests" runstate="Runnable" seed="1243325508" result="Passed" start-time="2017-01-13 09:32:50Z" end-time="2017-01-13 09:32:50Z" duration="0.004608" asserts="8" />
          </test-suite>
          <test-suite type="TestFixture" id="1095" name="KRNaturalTimeTests" fullname="DateTimeExtensions.Tests.KRNaturalTimeTests" classname="DateTimeExtensions.Tests.KRNaturalTimeTests" runstate="Runnable" testcasecount="5" result="Passed" start-time="2017-01-13 09:32:50Z" end-time="2017-01-13 09:32:50Z" duration="0.010774" total="5" passed="5" failed="0" warnings="0" inconclusive="0" skipped="0" asserts="17">
            <test-case id="1100" name="are_orderless" fullname="DateTimeExtensions.Tests.KRNaturalTimeTests.are_orderless" methodname="are_orderless" classname="DateTimeExtensions.Tests.KRNaturalTimeTests" runstate="Runnable" seed="1501661820" result="Passed" start-time="2017-01-13 09:32:50Z" end-time="2017-01-13 09:32:50Z" duration="0.001367" asserts="5" />
            <test-case id="1098" name="can_tranlate_to_exact_natural_text" fullname="DateTimeExtensions.Tests.KRNaturalTimeTests.can_tranlate_to_exact_natural_text" methodname="can_tranlate_to_exact_natural_text" classname="DateTimeExtensions.Tests.KRNaturalTimeTests" runstate="Runnable" seed="1965772627" result="Passed" start-time="2017-01-13 09:32:50Z" end-time="2017-01-13 09:32:50Z" duration="0.000468" asserts="3" />
            <test-case id="1099" name="can_tranlate_to_exact_natural_text_full" fullname="DateTimeExtensions.Tests.KRNaturalTimeTests.can_tranlate_to_exact_natural_text_full" methodname="can_tranlate_to_exact_natural_text_full" classname="DateTimeExtensions.Tests.KRNaturalTimeTests" runstate="Runnable" seed="1876045087" result="Passed" start-time="2017-01-13 09:32:50Z" end-time="2017-01-13 09:32:50Z" duration="0.000430" asserts="3" />
            <test-case id="1096" name="can_tranlate_to_natural_text" fullname="DateTimeExtensions.Tests.KRNaturalTimeTests.can_tranlate_to_natural_text" methodname="can_tranlate_to_natural_text" classname="DateTimeExtensions.Tests.KRNaturalTimeTests" runstate="Runnable" seed="1099541831" result="Passed" start-time="2017-01-13 09:32:50Z" end-time="2017-01-13 09:32:50Z" duration="0.000408" asserts="3" />
            <test-case id="1097" name="can_tranlate_to_natural_text_rounded" fullname="DateTimeExtensions.Tests.KRNaturalTimeTests.can_tranlate_to_natural_text_rounded" methodname="can_tranlate_to_natural_text_rounded" classname="DateTimeExtensions.Tests.KRNaturalTimeTests" runstate="Runnable" seed="1351375285" result="Passed" start-time="2017-01-13 09:32:50Z" end-time="2017-01-13 09:32:50Z" duration="0.000334" asserts="3" />
          </test-suite>
          <test-suite type="TestFixture" id="1108" name="NL_BENaturalTimeTests" fullname="DateTimeExtensions.Tests.NL_BENaturalTimeTests" classname="DateTimeExtensions.Tests.NL_BENaturalTimeTests" runstate="Runnable" testcasecount="8" result="Passed" start-time="2017-01-13 09:32:50Z" end-time="2017-01-13 09:32:50Z" duration="0.017756" total="8" passed="8" failed="0" warnings="0" inconclusive="0" skipped="0" asserts="35">
            <test-case id="1113" name="are_orderless" fullname="DateTimeExtensions.Tests.NL_BENaturalTimeTests.are_orderless" methodname="are_orderless" classname="DateTimeExtensions.Tests.NLNaturalTimeTests" runstate="Runnable" seed="1161803642" result="Passed" start-time="2017-01-13 09:32:50Z" end-time="2017-01-13 09:32:50Z" duration="0.001631" asserts="5" />
            <test-case id="1116" name="can_pluralize" fullname="DateTimeExtensions.Tests.NL_BENaturalTimeTests.can_pluralize" methodname="can_pluralize" classname="DateTimeExtensions.Tests.NLNaturalTimeTests" runstate="Runnable" seed="597215028" result="Passed" start-time="2017-01-13 09:32:50Z" end-time="2017-01-13 09:32:50Z" duration="0.000984" asserts="6" />
            <test-case id="1115" name="can_pluralize_months" fullname="DateTimeExtensions.Tests.NL_BENaturalTimeTests.can_pluralize_months" methodname="can_pluralize_months" classname="DateTimeExtensions.Tests.NLNaturalTimeTests" runstate="Runnable" seed="792242386" result="Passed" start-time="2017-01-13 09:32:50Z" end-time="2017-01-13 09:32:50Z" duration="0.000559" asserts="6" />
            <test-case id="1114" name="can_pluralize_years" fullname="DateTimeExtensions.Tests.NL_BENaturalTimeTests.can_pluralize_years" methodname="can_pluralize_years" classname="DateTimeExtensions.Tests.NLNaturalTimeTests" runstate="Runnable" seed="1791123071" result="Passed" start-time="2017-01-13 09:32:50Z" end-time="2017-01-13 09:32:50Z" duration="0.000524" asserts="6" />
            <test-case id="1111" name="can_tranlate_to_exact_natural_text" fullname="DateTimeExtensions.Tests.NL_BENaturalTimeTests.can_tranlate_to_exact_natural_text" methodname="can_tranlate_to_exact_natural_text" classname="DateTimeExtensions.Tests.NLNaturalTimeTests" runstate="Runnable" seed="1820149772" result="Passed" start-time="2017-01-13 09:32:50Z" end-time="2017-01-13 09:32:50Z" duration="0.000468" asserts="3" />
            <test-case id="1112" name="can_tranlate_to_exact_natural_text_full" fullname="DateTimeExtensions.Tests.NL_BENaturalTimeTests.can_tranlate_to_exact_natural_text_full" methodname="can_tranlate_to_exact_natural_text_full" classname="DateTimeExtensions.Tests.NLNaturalTimeTests" runstate="Runnable" seed="2082155901" result="Passed" start-time="2017-01-13 09:32:50Z" end-time="2017-01-13 09:32:50Z" duration="0.001032" asserts="3" />
            <test-case id="1109" name="can_tranlate_to_natural_text" fullname="DateTimeExtensions.Tests.NL_BENaturalTimeTests.can_tranlate_to_natural_text" methodname="can_tranlate_to_natural_text" classname="DateTimeExtensions.Tests.NLNaturalTimeTests" runstate="Runnable" seed="1152308358" result="Passed" start-time="2017-01-13 09:32:50Z" end-time="2017-01-13 09:32:50Z" duration="0.000366" asserts="3" />
            <test-case id="1110" name="can_tranlate_to_natural_text_rounded" fullname="DateTimeExtensions.Tests.NL_BENaturalTimeTests.can_tranlate_to_natural_text_rounded" methodname="can_tranlate_to_natural_text_rounded" classname="DateTimeExtensions.Tests.NLNaturalTimeTests" runstate="Runnable" seed="1507911235" result="Passed" start-time="2017-01-13 09:32:50Z" end-time="2017-01-13 09:32:50Z" duration="0.000231" asserts="3" />
          </test-suite>
          <test-suite type="TestFixture" id="1101" name="NLHolidaysTests" fullname="DateTimeExtensions.Tests.NLHolidaysTests" classname="DateTimeExtensions.Tests.NLHolidaysTests" runstate="Runnable" testcasecount="6" result="Passed" start-time="2017-01-13 09:32:50Z" end-time="2017-01-13 09:32:50Z" duration="0.011268" total="6" passed="6" failed="0" warnings="0" inconclusive="0" skipped="0" asserts="6">
            <test-case id="1104" name="Kingsday_is_a_national_holiday_in_1949" fullname="DateTimeExtensions.Tests.NLHolidaysTests.Kingsday_is_a_national_holiday_in_1949" methodname="Kingsday_is_a_national_holiday_in_1949" classname="DateTimeExtensions.Tests.NLHolidaysTests" runstate="Runnable" seed="1994313568" result="Passed" start-time="2017-01-13 09:32:50Z" end-time="2017-01-13 09:32:50Z" duration="0.000980" asserts="1" />
            <test-case id="1105" name="Kingsday_is_a_national_holiday_in_2014" fullname="DateTimeExtensions.Tests.NLHolidaysTests.Kingsday_is_a_national_holiday_in_2014" methodname="Kingsday_is_a_national_holiday_in_2014" classname="DateTimeExtensions.Tests.NLHolidaysTests" runstate="Runnable" seed="1160247546" result="Passed" start-time="2017-01-13 09:32:50Z" end-time="2017-01-13 09:32:50Z" duration="0.000247" asserts="1" />
            <test-case id="1103" name="Kingsday_is_a_national_holiday_since_1885" fullname="DateTimeExtensions.Tests.NLHolidaysTests.Kingsday_is_a_national_holiday_since_1885" methodname="Kingsday_is_a_national_holiday_since_1885" classname="DateTimeExtensions.Tests.NLHolidaysTests" runstate="Runnable" seed="322918387" result="Passed" start-time="2017-01-13 09:32:50Z" end-time="2017-01-13 09:32:50Z" duration="0.000250" asserts="1" />
            <test-case id="1106" name="Liberation_Day_is_a_national_holiday_in_2005" fullname="DateTimeExtensions.Tests.NLHolidaysTests.Liberation_Day_is_a_national_holiday_in_2005" methodname="Liberation_Day_is_a_national_holiday_in_2005" classname="DateTimeExtensions.Tests.NLHolidaysTests" runstate="Runnable" seed="1669666215" result="Passed" start-time="2017-01-13 09:32:50Z" end-time="2017-01-13 09:32:50Z" duration="0.000588" asserts="1" />
            <test-case id="1107" name="Liberation_Day_is_a_regular_day_in_2006" fullname="DateTimeExtensions.Tests.NLHolidaysTests.Liberation_Day_is_a_regular_day_in_2006" methodname="Liberation_Day_is_a_regular_day_in_2006" classname="DateTimeExtensions.Tests.NLHolidaysTests" runstate="Runnable" seed="2089279338" result="Passed" start-time="2017-01-13 09:32:50Z" end-time="2017-01-13 09:32:50Z" duration="0.000189" asserts="1" />
            <test-case id="1102" name="The_Netherlands_has_11_main_holidays" fullname="DateTimeExtensions.Tests.NLHolidaysTests.The_Netherlands_has_11_main_holidays" methodname="The_Netherlands_has_11_main_holidays" classname="DateTimeExtensions.Tests.NLHolidaysTests" runstate="Runnable" seed="1865523870" result="Passed" start-time="2017-01-13 09:32:50Z" end-time="2017-01-13 09:32:50Z" duration="0.000294" asserts="1" />
          </test-suite>
          <test-suite type="TestFixture" id="1117" name="NLNaturalTimeTests" fullname="DateTimeExtensions.Tests.NLNaturalTimeTests" classname="DateTimeExtensions.Tests.NLNaturalTimeTests" runstate="Runnable" testcasecount="8" result="Passed" start-time="2017-01-13 09:32:50Z" end-time="2017-01-13 09:32:50Z" duration="0.013523" total="8" passed="8" failed="0" warnings="0" inconclusive="0" skipped="0" asserts="35">
            <test-case id="1122" name="are_orderless" fullname="DateTimeExtensions.Tests.NLNaturalTimeTests.are_orderless" methodname="are_orderless" classname="DateTimeExtensions.Tests.NLNaturalTimeTests" runstate="Runnable" seed="1535475298" result="Passed" start-time="2017-01-13 09:32:50Z" end-time="2017-01-13 09:32:50Z" duration="0.000082" asserts="5" />
            <test-case id="1125" name="can_pluralize" fullname="DateTimeExtensions.Tests.NLNaturalTimeTests.can_pluralize" methodname="can_pluralize" classname="DateTimeExtensions.Tests.NLNaturalTimeTests" runstate="Runnable" seed="1696484541" result="Passed" start-time="2017-01-13 09:32:50Z" end-time="2017-01-13 09:32:50Z" duration="0.000075" asserts="6" />
            <test-case id="1124" name="can_pluralize_months" fullname="DateTimeExtensions.Tests.NLNaturalTimeTests.can_pluralize_months" methodname="can_pluralize_months" classname="DateTimeExtensions.Tests.NLNaturalTimeTests" runstate="Runnable" seed="30585500" result="Passed" start-time="2017-01-13 09:32:50Z" end-time="2017-01-13 09:32:50Z" duration="0.000070" asserts="6" />
            <test-case id="1123" name="can_pluralize_years" fullname="DateTimeExtensions.Tests.NLNaturalTimeTests.can_pluralize_years" methodname="can_pluralize_years" classname="DateTimeExtensions.Tests.NLNaturalTimeTests" runstate="Runnable" seed="456609430" result="Passed" start-time="2017-01-13 09:32:50Z" end-time="2017-01-13 09:32:50Z" duration="0.000069" asserts="6" />
            <test-case id="1120" name="can_tranlate_to_exact_natural_text" fullname="DateTimeExtensions.Tests.NLNaturalTimeTests.can_tranlate_to_exact_natural_text" methodname="can_tranlate_to_exact_natural_text" classname="DateTimeExtensions.Tests.NLNaturalTimeTests" runstate="Runnable" seed="344428897" result="Passed" start-time="2017-01-13 09:32:50Z" end-time="2017-01-13 09:32:50Z" duration="0.000136" asserts="3" />
            <test-case id="1121" name="can_tranlate_to_exact_natural_text_full" fullname="DateTimeExtensions.Tests.NLNaturalTimeTests.can_tranlate_to_exact_natural_text_full" methodname="can_tranlate_to_exact_natural_text_full" classname="DateTimeExtensions.Tests.NLNaturalTimeTests" runstate="Runnable" seed="979731903" result="Passed" start-time="2017-01-13 09:32:50Z" end-time="2017-01-13 09:32:50Z" duration="0.001033" asserts="3" />
            <test-case id="1118" name="can_tranlate_to_natural_text" fullname="DateTimeExtensions.Tests.NLNaturalTimeTests.can_tranlate_to_natural_text" methodname="can_tranlate_to_natural_text" classname="DateTimeExtensions.Tests.NLNaturalTimeTests" runstate="Runnable" seed="863658371" result="Passed" start-time="2017-01-13 09:32:50Z" end-time="2017-01-13 09:32:50Z" duration="0.000124" asserts="3" />
            <test-case id="1119" name="can_tranlate_to_natural_text_rounded" fullname="DateTimeExtensions.Tests.NLNaturalTimeTests.can_tranlate_to_natural_text_rounded" methodname="can_tranlate_to_natural_text_rounded" classname="DateTimeExtensions.Tests.NLNaturalTimeTests" runstate="Runnable" seed="211906787" result="Passed" start-time="2017-01-13 09:32:50Z" end-time="2017-01-13 09:32:50Z" duration="0.000066" asserts="3" />
          </test-suite>
          <test-suite type="TestFixture" id="1126" name="OfficeHolidayExportHolidaysFormatTests" fullname="DateTimeExtensions.Tests.OfficeHolidayExportHolidaysFormatTests" classname="DateTimeExtensions.Tests.OfficeHolidayExportHolidaysFormatTests" runstate="Runnable" testcasecount="2" result="Passed" start-time="2017-01-13 09:32:50Z" end-time="2017-01-13 09:32:50Z" duration="0.021204" total="2" passed="2" failed="0" warnings="0" inconclusive="0" skipped="0" asserts="2">
            <test-case id="1127" name="can_export_office_format" fullname="DateTimeExtensions.Tests.OfficeHolidayExportHolidaysFormatTests.can_export_office_format" methodname="can_export_office_format" classname="DateTimeExtensions.Tests.OfficeHolidayExportHolidaysFormatTests" runstate="Runnable" seed="1878721923" result="Passed" start-time="2017-01-13 09:32:50Z" end-time="2017-01-13 09:32:50Z" duration="0.003095" asserts="1" />
            <test-case id="1128" name="can_save_to_file" fullname="DateTimeExtensions.Tests.OfficeHolidayExportHolidaysFormatTests.can_save_to_file" methodname="can_save_to_file" classname="DateTimeExtensions.Tests.OfficeHolidayExportHolidaysFormatTests" runstate="Runnable" seed="376434823" result="Passed" start-time="2017-01-13 09:32:50Z" end-time="2017-01-13 09:32:50Z" duration="0.014658" asserts="1" />
          </test-suite>
          <test-suite type="TestFixture" id="1180" name="PortugueseHolidaysNamesTest" fullname="DateTimeExtensions.Tests.PortugueseHolidaysNamesTest" classname="DateTimeExtensions.Tests.PortugueseHolidaysNamesTest" runstate="Runnable" testcasecount="2" result="Failed" site="Child" start-time="2017-01-13 09:32:50Z" end-time="2017-01-13 09:32:50Z" duration="0.022927" total="2" passed="1" failed="1" warnings="0" inconclusive="0" skipped="0" asserts="19">
            <failure>
              <message><![CDATA[One or more child tests had errors]]></message>
            </failure>
            <test-case id="1182" name="AssertBrazilianHolidaysAreTranslated" fullname="DateTimeExtensions.Tests.PortugueseHolidaysNamesTest.AssertBrazilianHolidaysAreTranslated" methodname="AssertBrazilianHolidaysAreTranslated" classname="DateTimeExtensions.Tests.PortugueseHolidaysNamesTest" runstate="Runnable" seed="373022330" result="Passed" start-time="2017-01-13 09:32:50Z" end-time="2017-01-13 09:32:50Z" duration="0.002538" asserts="18" />
            <test-case id="1181" name="AssertPortugueseHolidaysAreTranslated" fullname="DateTimeExtensions.Tests.PortugueseHolidaysNamesTest.AssertPortugueseHolidaysAreTranslated" methodname="AssertPortugueseHolidaysAreTranslated" classname="DateTimeExtensions.Tests.PortugueseHolidaysNamesTest" runstate="Runnable" seed="1521602851" result="Failed" start-time="2017-01-13 09:32:50Z" end-time="2017-01-13 09:32:50Z" duration="0.015740" asserts="1">
              <failure>
                <message><![CDATA[  Expected string length 16 but was 11. Strings differ at index 0.
  Expected: "Dia da Liberdade"
  But was:  "Freedom Day"
  -----------^
]]></message>
                <stack-trace><![CDATA[at DateTimeExtensions.Tests.PortugueseHolidaysNamesTest.AssertPortugueseHolidaysAreTranslated() in c:\JMS\Repository\DateTimeExtensions\tests\DateTimeExtensions.Tests\HolidaysTranslations\PortugueseHolidaysNamesTest.cs:line 26
]]></stack-trace>
              </failure>
              <assertions>
                <assertion result="Failed">
                  <message><![CDATA[  Expected string length 16 but was 11. Strings differ at index 0.
  Expected: "Dia da Liberdade"
  But was:  "Freedom Day"
  -----------^
]]></message>
                  <stack-trace><![CDATA[at DateTimeExtensions.Tests.PortugueseHolidaysNamesTest.AssertPortugueseHolidaysAreTranslated() in c:\JMS\Repository\DateTimeExtensions\tests\DateTimeExtensions.Tests\HolidaysTranslations\PortugueseHolidaysNamesTest.cs:line 26
]]></stack-trace>
                </assertion>
              </assertions>
            </test-case>
          </test-suite>
          <test-suite type="TestFixture" id="1129" name="PTCalendarTests" fullname="DateTimeExtensions.Tests.PTCalendarTests" classname="DateTimeExtensions.Tests.PTCalendarTests" runstate="Runnable" testcasecount="8" result="Passed" start-time="2017-01-13 09:32:50Z" end-time="2017-01-13 09:32:50Z" duration="0.015386" total="8" passed="8" failed="0" warnings="0" inconclusive="0" skipped="0" asserts="30">
            <test-case id="1134" name="adding_large_number_of_days" fullname="DateTimeExtensions.Tests.PTCalendarTests.adding_large_number_of_days" methodname="adding_large_number_of_days" classname="DateTimeExtensions.Tests.PTCalendarTests" runstate="Runnable" seed="19839153" result="Passed" start-time="2017-01-13 09:32:50Z" end-time="2017-01-13 09:32:50Z" duration="0.000337" asserts="2" />
            <test-case id="1131" name="adding_working_days_should_not_count_weekends" fullname="DateTimeExtensions.Tests.PTCalendarTests.adding_working_days_should_not_count_weekends" methodname="adding_working_days_should_not_count_weekends" classname="DateTimeExtensions.Tests.PTCalendarTests" runstate="Runnable" seed="749877665" result="Passed" start-time="2017-01-13 09:32:50Z" end-time="2017-01-13 09:32:50Z" duration="0.000555" asserts="5" />
            <test-case id="1133" name="adding_zero_working_days_should_return_same_day" fullname="DateTimeExtensions.Tests.PTCalendarTests.adding_zero_working_days_should_return_same_day" methodname="adding_zero_working_days_should_return_same_day" classname="DateTimeExtensions.Tests.PTCalendarTests" runstate="Runnable" seed="267992944" result="Passed" start-time="2017-01-13 09:32:50Z" end-time="2017-01-13 09:32:50Z" duration="0.000587" asserts="3" />
            <test-case id="1136" name="can_use_christian_holidays_in_calulations" fullname="DateTimeExtensions.Tests.PTCalendarTests.can_use_christian_holidays_in_calulations" methodname="can_use_christian_holidays_in_calulations" classname="DateTimeExtensions.Tests.PTCalendarTests" runstate="Runnable" seed="968439511" result="Passed" start-time="2017-01-13 09:32:50Z" end-time="2017-01-13 09:32:50Z" duration="0.000361" asserts="2" />
            <test-case id="1137" name="can_use_national_holidays_in_calulations" fullname="DateTimeExtensions.Tests.PTCalendarTests.can_use_national_holidays_in_calulations" methodname="can_use_national_holidays_in_calulations" classname="DateTimeExtensions.Tests.PTCalendarTests" runstate="Runnable" seed="2112326347" result="Passed" start-time="2017-01-13 09:32:50Z" end-time="2017-01-13 09:32:50Z" duration="0.000273" asserts="2" />
            <test-case id="1130" name="default_working_days" fullname="DateTimeExtensions.Tests.PTCalendarTests.default_working_days" methodname="default_working_days" classname="DateTimeExtensions.Tests.PTCalendarTests" runstate="Runnable" seed="865418873" result="Passed" start-time="2017-01-13 09:32:50Z" end-time="2017-01-13 09:32:50Z" duration="0.000835" asserts="10" />
            <test-case id="1132" name="subtracting_working_days_should_not_count_weekends" fullname="DateTimeExtensions.Tests.PTCalendarTests.subtracting_working_days_should_not_count_weekends" methodname="subtracting_working_days_should_not_count_weekends" classname="DateTimeExtensions.Tests.PTCalendarTests" runstate="Runnable" seed="1849114716" result="Passed" start-time="2017-01-13 09:32:50Z" end-time="2017-01-13 09:32:50Z" duration="0.000364" asserts="5" />
            <test-case id="1135" name="use_holidays_in_calulations" fullname="DateTimeExtensions.Tests.PTCalendarTests.use_holidays_in_calulations" methodname="use_holidays_in_calulations" classname="DateTimeExtensions.Tests.PTCalendarTests" runstate="Runnable" seed="657868396" result="Passed" start-time="2017-01-13 09:32:50Z" end-time="2017-01-13 09:32:50Z" duration="0.000565" asserts="1" />
          </test-suite>
          <test-suite type="TestFixture" id="1138" name="PTWorkingDayCultureInfoTests" fullname="DateTimeExtensions.Tests.PTWorkingDayCultureInfoTests" classname="DateTimeExtensions.Tests.PTWorkingDayCultureInfoTests" runstate="Runnable" testcasecount="2" result="Passed" start-time="2017-01-13 09:32:50Z" end-time="2017-01-13 09:32:50Z" duration="0.006358" total="2" passed="2" failed="0" warnings="0" inconclusive="0" skipped="0" asserts="4">
            <test-case id="1140" name="can_locate_by_culture_info" fullname="DateTimeExtensions.Tests.PTWorkingDayCultureInfoTests.can_locate_by_culture_info" methodname="can_locate_by_culture_info" classname="DateTimeExtensions.Tests.PTWorkingDayCultureInfoTests" runstate="Runnable" seed="513514341" result="Passed" start-time="2017-01-13 09:32:50Z" end-time="2017-01-13 09:32:50Z" duration="0.000936" asserts="2" />
            <test-case id="1139" name="can_locate_by_name" fullname="DateTimeExtensions.Tests.PTWorkingDayCultureInfoTests.can_locate_by_name" methodname="can_locate_by_name" classname="DateTimeExtensions.Tests.PTWorkingDayCultureInfoTests" runstate="Runnable" seed="870995473" result="Passed" start-time="2017-01-13 09:32:50Z" end-time="2017-01-13 09:32:50Z" duration="0.000638" asserts="2" />
          </test-suite>
          <test-suite type="TestFixture" id="1141" name="RoundCeilingFloorDatesTests" fullname="DateTimeExtensions.Tests.RoundCeilingFloorDatesTests" classname="DateTimeExtensions.Tests.RoundCeilingFloorDatesTests" runstate="Runnable" testcasecount="12" result="Passed" start-time="2017-01-13 09:32:50Z" end-time="2017-01-13 09:32:51Z" duration="0.027770" total="12" passed="12" failed="0" warnings="0" inconclusive="0" skipped="0" asserts="12">
            <test-case id="1150" name="hours_ceiling_test" fullname="DateTimeExtensions.Tests.RoundCeilingFloorDatesTests.hours_ceiling_test" methodname="hours_ceiling_test" classname="DateTimeExtensions.Tests.RoundCeilingFloorDatesTests" runstate="Runnable" seed="2048699146" result="Passed" start-time="2017-01-13 09:32:50Z" end-time="2017-01-13 09:32:50Z" duration="0.000839" asserts="1" />
            <test-case id="1153" name="hours_floor_test" fullname="DateTimeExtensions.Tests.RoundCeilingFloorDatesTests.hours_floor_test" methodname="hours_floor_test" classname="DateTimeExtensions.Tests.RoundCeilingFloorDatesTests" runstate="Runnable" seed="45959693" result="Passed" start-time="2017-01-13 09:32:50Z" end-time="2017-01-13 09:32:50Z" duration="0.000744" asserts="1" />
            <test-case id="1146" name="hours_round_down_test" fullname="DateTimeExtensions.Tests.RoundCeilingFloorDatesTests.hours_round_down_test" methodname="hours_round_down_test" classname="DateTimeExtensions.Tests.RoundCeilingFloorDatesTests" runstate="Runnable" seed="1770156098" result="Passed" start-time="2017-01-13 09:32:50Z" end-time="2017-01-13 09:32:50Z" duration="0.000807" asserts="1" />
            <test-case id="1147" name="hours_round_up_test" fullname="DateTimeExtensions.Tests.RoundCeilingFloorDatesTests.hours_round_up_test" methodname="hours_round_up_test" classname="DateTimeExtensions.Tests.RoundCeilingFloorDatesTests" runstate="Runnable" seed="79084039" result="Passed" start-time="2017-01-13 09:32:50Z" end-time="2017-01-13 09:32:50Z" duration="0.000612" asserts="1" />
            <test-case id="1149" name="minutes_ceiling_test" fullname="DateTimeExtensions.Tests.RoundCeilingFloorDatesTests.minutes_ceiling_test" methodname="minutes_ceiling_test" classname="DateTimeExtensions.Tests.RoundCeilingFloorDatesTests" runstate="Runnable" seed="571440076" result="Passed" start-time="2017-01-13 09:32:51Z" end-time="2017-01-13 09:32:51Z" duration="0.001014" asserts="1" />
            <test-case id="1152" name="minutes_floor_test" fullname="DateTimeExtensions.Tests.RoundCeilingFloorDatesTests.minutes_floor_test" methodname="minutes_floor_test" classname="DateTimeExtensions.Tests.RoundCeilingFloorDatesTests" runstate="Runnable" seed="2001360616" result="Passed" start-time="2017-01-13 09:32:51Z" end-time="2017-01-13 09:32:51Z" duration="0.000396" asserts="1" />
            <test-case id="1144" name="minutes_round_down_test" fullname="DateTimeExtensions.Tests.RoundCeilingFloorDatesTests.minutes_round_down_test" methodname="minutes_round_down_test" classname="DateTimeExtensions.Tests.RoundCeilingFloorDatesTests" runstate="Runnable" seed="1169833925" result="Passed" start-time="2017-01-13 09:32:51Z" end-time="2017-01-13 09:32:51Z" duration="0.000430" asserts="1" />
            <test-case id="1145" name="minutes_round_up_test" fullname="DateTimeExtensions.Tests.RoundCeilingFloorDatesTests.minutes_round_up_test" methodname="minutes_round_up_test" classname="DateTimeExtensions.Tests.RoundCeilingFloorDatesTests" runstate="Runnable" seed="551332665" result="Passed" start-time="2017-01-13 09:32:51Z" end-time="2017-01-13 09:32:51Z" duration="0.000357" asserts="1" />
            <test-case id="1148" name="seconds_ceiling_test" fullname="DateTimeExtensions.Tests.RoundCeilingFloorDatesTests.seconds_ceiling_test" methodname="seconds_ceiling_test" classname="DateTimeExtensions.Tests.RoundCeilingFloorDatesTests" runstate="Runnable" seed="596262661" result="Passed" start-time="2017-01-13 09:32:51Z" end-time="2017-01-13 09:32:51Z" duration="0.000391" asserts="1" />
            <test-case id="1151" name="seconds_floor_test" fullname="DateTimeExtensions.Tests.RoundCeilingFloorDatesTests.seconds_floor_test" methodname="seconds_floor_test" classname="DateTimeExtensions.Tests.RoundCeilingFloorDatesTests" runstate="Runnable" seed="1055306087" result="Passed" start-time="2017-01-13 09:32:51Z" end-time="2017-01-13 09:32:51Z" duration="0.000387" asserts="1" />
            <test-case id="1142" name="seconds_round_down_test" fullname="DateTimeExtensions.Tests.RoundCeilingFloorDatesTests.seconds_round_down_test" methodname="seconds_round_down_test" classname="DateTimeExtensions.Tests.RoundCeilingFloorDatesTests" runstate="Runnable" seed="859148979" result="Passed" start-time="2017-01-13 09:32:51Z" end-time="2017-01-13 09:32:51Z" duration="0.000444" asserts="1" />
            <test-case id="1143" name="seconds_round_up_test" fullname="DateTimeExtensions.Tests.RoundCeilingFloorDatesTests.seconds_round_up_test" methodname="seconds_round_up_test" classname="DateTimeExtensions.Tests.RoundCeilingFloorDatesTests" runstate="Runnable" seed="1614591999" result="Passed" start-time="2017-01-13 09:32:51Z" end-time="2017-01-13 09:32:51Z" duration="0.000403" asserts="1" />
          </test-suite>
          <test-suite type="TestFixture" id="1183" name="SpanishHolidaysNamesTest" fullname="DateTimeExtensions.Tests.SpanishHolidaysNamesTest" classname="DateTimeExtensions.Tests.SpanishHolidaysNamesTest" runstate="Runnable" testcasecount="1" result="Passed" start-time="2017-01-13 09:32:51Z" end-time="2017-01-13 09:32:51Z" duration="0.004532" total="1" passed="1" failed="0" warnings="0" inconclusive="0" skipped="0" asserts="19">
            <test-case id="1184" name="AssertSpanishHolidaysAreTranslated" fullname="DateTimeExtensions.Tests.SpanishHolidaysNamesTest.AssertSpanishHolidaysAreTranslated" methodname="AssertSpanishHolidaysAreTranslated" classname="DateTimeExtensions.Tests.SpanishHolidaysNamesTest" runstate="Runnable" seed="586726385" result="Passed" start-time="2017-01-13 09:32:51Z" end-time="2017-01-13 09:32:51Z" duration="0.002572" asserts="19" />
          </test-suite>
          <test-suite type="TestFixture" id="1154" name="TimeTests" fullname="DateTimeExtensions.Tests.TimeTests" classname="DateTimeExtensions.Tests.TimeTests" runstate="Runnable" testcasecount="8" result="Failed" site="Child" start-time="2017-01-13 09:32:51Z" end-time="2017-01-13 09:32:51Z" duration="0.024627" total="8" passed="2" failed="6" warnings="0" inconclusive="0" skipped="0" asserts="2">
            <failure>
              <message><![CDATA[One or more child tests had errors]]></message>
            </failure>
            <test-case id="1162" name="can_compare_inverted_between" fullname="DateTimeExtensions.Tests.TimeTests.can_compare_inverted_between" methodname="can_compare_inverted_between" classname="DateTimeExtensions.Tests.TimeTests" runstate="Runnable" seed="1590854876" result="Failed" label="Error" start-time="2017-01-13 09:32:51Z" end-time="2017-01-13 09:32:51Z" duration="0.002761" asserts="0">
              <failure>
                <message><![CDATA[System.NullReferenceException : Object reference not set to an instance of an object.]]></message>
                <stack-trace><![CDATA[   at DateTimeExtensions.TimeOfDay.Time..ctor(Int32 hour, Int32 minute, Int32 second, String formatString) in c:\JMS\Repository\DateTimeExtensions\src\DateTimeExtensions\TimeOfDay\Time.cs:line 63
   at DateTimeExtensions.Tests.TimeTests.can_compare_inverted_between() in c:\JMS\Repository\DateTimeExtensions\tests\DateTimeExtensions.Tests\TimeTests.cs:line 113]]></stack-trace>
              </failure>
            </test-case>
            <test-case id="1161" name="can_compare_times" fullname="DateTimeExtensions.Tests.TimeTests.can_compare_times" methodname="can_compare_times" classname="DateTimeExtensions.Tests.TimeTests" runstate="Runnable" seed="375929402" result="Failed" label="Error" start-time="2017-01-13 09:32:51Z" end-time="2017-01-13 09:32:51Z" duration="0.001197" asserts="0">
              <failure>
                <message><![CDATA[System.NullReferenceException : Object reference not set to an instance of an object.]]></message>
                <stack-trace><![CDATA[   at DateTimeExtensions.TimeOfDay.Time..ctor(Int32 hour, Int32 minute, Int32 second, String formatString) in c:\JMS\Repository\DateTimeExtensions\src\DateTimeExtensions\TimeOfDay\Time.cs:line 63
   at DateTimeExtensions.Tests.TimeTests.can_compare_times() in c:\JMS\Repository\DateTimeExtensions\tests\DateTimeExtensions.Tests\TimeTests.cs:line 93]]></stack-trace>
              </failure>
            </test-case>
            <test-case id="1160" name="can_extract_time_from_datetime" fullname="DateTimeExtensions.Tests.TimeTests.can_extract_time_from_datetime" methodname="can_extract_time_from_datetime" classname="DateTimeExtensions.Tests.TimeTests" runstate="Runnable" seed="1253566012" result="Failed" label="Error" start-time="2017-01-13 09:32:51Z" end-time="2017-01-13 09:32:51Z" duration="0.001120" asserts="0">
              <failure>
                <message><![CDATA[System.NullReferenceException : Object reference not set to an instance of an object.]]></message>
                <stack-trace><![CDATA[   at DateTimeExtensions.TimeOfDay.Time..ctor(Int32 hour, Int32 minute, Int32 second, String formatString) in c:\JMS\Repository\DateTimeExtensions\src\DateTimeExtensions\TimeOfDay\Time.cs:line 63
   at DateTimeExtensions.Tests.TimeTests.can_extract_time_from_datetime() in c:\JMS\Repository\DateTimeExtensions\tests\DateTimeExtensions.Tests\TimeTests.cs:line 83]]></stack-trace>
              </failure>
            </test-case>
            <test-case id="1156" name="can_format_12hour_time" fullname="DateTimeExtensions.Tests.TimeTests.can_format_12hour_time" methodname="can_format_12hour_time" classname="DateTimeExtensions.Tests.TimeTests" runstate="Runnable" seed="614350913" result="Passed" start-time="2017-01-13 09:32:51Z" end-time="2017-01-13 09:32:51Z" duration="0.001152" asserts="1" />
            <test-case id="1155" name="can_format_24hour_time" fullname="DateTimeExtensions.Tests.TimeTests.can_format_24hour_time" methodname="can_format_24hour_time" classname="DateTimeExtensions.Tests.TimeTests" runstate="Runnable" seed="1822595744" result="Passed" start-time="2017-01-13 09:32:51Z" end-time="2017-01-13 09:32:51Z" duration="0.000242" asserts="1" />
            <test-case id="1157" name="can_parse_time" fullname="DateTimeExtensions.Tests.TimeTests.can_parse_time" methodname="can_parse_time" classname="DateTimeExtensions.Tests.TimeTests" runstate="Runnable" seed="126518019" result="Failed" label="Error" start-time="2017-01-13 09:32:51Z" end-time="2017-01-13 09:32:51Z" duration="0.000980" asserts="0">
              <failure>
                <message><![CDATA[System.NullReferenceException : Object reference not set to an instance of an object.]]></message>
                <stack-trace><![CDATA[   at DateTimeExtensions.TimeOfDay.Time..ctor(Int32 hour, Int32 minute, Int32 second, String formatString) in c:\JMS\Repository\DateTimeExtensions\src\DateTimeExtensions\TimeOfDay\Time.cs:line 63
   at DateTimeExtensions.Tests.TimeTests.can_parse_time() in c:\JMS\Repository\DateTimeExtensions\tests\DateTimeExtensions.Tests\TimeTests.cs:line 56]]></stack-trace>
              </failure>
            </test-case>
            <test-case id="1158" name="can_parse_time_leading_zero" fullname="DateTimeExtensions.Tests.TimeTests.can_parse_time_leading_zero" methodname="can_parse_time_leading_zero" classname="DateTimeExtensions.Tests.TimeTests" runstate="Runnable" seed="1405431749" result="Failed" label="Error" start-time="2017-01-13 09:32:51Z" end-time="2017-01-13 09:32:51Z" duration="0.001237" asserts="0">
              <failure>
                <message><![CDATA[System.NullReferenceException : Object reference not set to an instance of an object.]]></message>
                <stack-trace><![CDATA[   at DateTimeExtensions.TimeOfDay.Time..ctor(Int32 hour, Int32 minute, Int32 second, String formatString) in c:\JMS\Repository\DateTimeExtensions\src\DateTimeExtensions\TimeOfDay\Time.cs:line 63
   at DateTimeExtensions.Tests.TimeTests.can_parse_time_leading_zero() in c:\JMS\Repository\DateTimeExtensions\tests\DateTimeExtensions.Tests\TimeTests.cs:line 65]]></stack-trace>
              </failure>
            </test-case>
            <test-case id="1159" name="can_parse_time_two_digit_hours" fullname="DateTimeExtensions.Tests.TimeTests.can_parse_time_two_digit_hours" methodname="can_parse_time_two_digit_hours" classname="DateTimeExtensions.Tests.TimeTests" runstate="Runnable" seed="1432541538" result="Failed" label="Error" start-time="2017-01-13 09:32:51Z" end-time="2017-01-13 09:32:51Z" duration="0.001130" asserts="0">
              <failure>
                <message><![CDATA[System.NullReferenceException : Object reference not set to an instance of an object.]]></message>
                <stack-trace><![CDATA[   at DateTimeExtensions.TimeOfDay.Time..ctor(Int32 hour, Int32 minute, Int32 second, String formatString) in c:\JMS\Repository\DateTimeExtensions\src\DateTimeExtensions\TimeOfDay\Time.cs:line 63
   at DateTimeExtensions.Tests.TimeTests.can_parse_time_two_digit_hours() in c:\JMS\Repository\DateTimeExtensions\tests\DateTimeExtensions.Tests\TimeTests.cs:line 74]]></stack-trace>
              </failure>
            </test-case>
          </test-suite>
          <test-suite type="TestFixture" id="1163" name="ViHolidaysTests" fullname="DateTimeExtensions.Tests.ViHolidaysTests" classname="DateTimeExtensions.Tests.ViHolidaysTests" runstate="Runnable" testcasecount="7" result="Failed" site="Child" start-time="2017-01-13 09:32:51Z" end-time="2017-01-13 09:32:51Z" duration="0.018121" total="7" passed="2" failed="5" warnings="0" inconclusive="0" skipped="0" asserts="2">
            <failure>
              <message><![CDATA[One or more child tests had errors]]></message>
            </failure>
            <test-suite type="ParameterizedMethod" id="1166" name="ShouldBeHungKingsCommemorationsDay" fullname="DateTimeExtensions.Tests.ViHolidaysTests.ShouldBeHungKingsCommemorationsDay" classname="DateTimeExtensions.Tests.ViHolidaysTests" runstate="Runnable" testcasecount="1" result="Failed" site="Child" start-time="2017-01-13 09:32:51Z" end-time="2017-01-13 09:32:51Z" duration="0.005284" total="1" passed="0" failed="1" warnings="0" inconclusive="0" skipped="0" asserts="0">
              <failure>
                <message><![CDATA[One or more child tests had errors]]></message>
              </failure>
              <test-case id="1165" name="ShouldBeHungKingsCommemorationsDay" fullname="DateTimeExtensions.Tests.ViHolidaysTests.ShouldBeHungKingsCommemorationsDay" methodname="ShouldBeHungKingsCommemorationsDay" classname="DateTimeExtensions.Tests.ViHolidaysTests" runstate="NotRunnable" seed="344361343" result="Failed" label="Invalid" start-time="2017-01-13 09:32:51Z" end-time="2017-01-13 09:32:51Z" duration="0.001817" asserts="0">
                <properties>
                  <property name="_SKIPREASON" value="The sourceName specified on a TestCaseSourceAttribute must refer to a static field, property or method." />
                </properties>
                <failure>
                  <message><![CDATA[The sourceName specified on a TestCaseSourceAttribute must refer to a static field, property or method.]]></message>
                </failure>
              </test-case>
            </test-suite>
            <test-suite type="ParameterizedMethod" id="1170" name="ShouldBeInternationalWorkersDay" fullname="DateTimeExtensions.Tests.ViHolidaysTests.ShouldBeInternationalWorkersDay" classname="DateTimeExtensions.Tests.ViHolidaysTests" runstate="Runnable" testcasecount="1" result="Failed" site="Child" start-time="2017-01-13 09:32:51Z" end-time="2017-01-13 09:32:51Z" duration="0.001022" total="1" passed="0" failed="1" warnings="0" inconclusive="0" skipped="0" asserts="0">
              <failure>
                <message><![CDATA[One or more child tests had errors]]></message>
              </failure>
              <test-case id="1169" name="ShouldBeInternationalWorkersDay" fullname="DateTimeExtensions.Tests.ViHolidaysTests.ShouldBeInternationalWorkersDay" methodname="ShouldBeInternationalWorkersDay" classname="DateTimeExtensions.Tests.ViHolidaysTests" runstate="NotRunnable" seed="76572237" result="Failed" label="Invalid" start-time="2017-01-13 09:32:51Z" end-time="2017-01-13 09:32:51Z" duration="0.000007" asserts="0">
                <properties>
                  <property name="_SKIPREASON" value="The sourceName specified on a TestCaseSourceAttribute must refer to a static field, property or method." />
                </properties>
                <failure>
                  <message><![CDATA[The sourceName specified on a TestCaseSourceAttribute must refer to a static field, property or method.]]></message>
                </failure>
              </test-case>
            </test-suite>
            <test-suite type="ParameterizedMethod" id="1168" name="ShouldBeLiberationDay" fullname="DateTimeExtensions.Tests.ViHolidaysTests.ShouldBeLiberationDay" classname="DateTimeExtensions.Tests.ViHolidaysTests" runstate="Runnable" testcasecount="1" result="Failed" site="Child" start-time="2017-01-13 09:32:51Z" end-time="2017-01-13 09:32:51Z" duration="0.000930" total="1" passed="0" failed="1" warnings="0" inconclusive="0" skipped="0" asserts="0">
              <failure>
                <message><![CDATA[One or more child tests had errors]]></message>
              </failure>
              <test-case id="1167" name="ShouldBeLiberationDay" fullname="DateTimeExtensions.Tests.ViHolidaysTests.ShouldBeLiberationDay" methodname="ShouldBeLiberationDay" classname="DateTimeExtensions.Tests.ViHolidaysTests" runstate="NotRunnable" seed="441614246" result="Failed" label="Invalid" start-time="2017-01-13 09:32:51Z" end-time="2017-01-13 09:32:51Z" duration="0.000001" asserts="0">
                <properties>
                  <property name="_SKIPREASON" value="The sourceName specified on a TestCaseSourceAttribute must refer to a static field, property or method." />
                </properties>
                <failure>
                  <message><![CDATA[The sourceName specified on a TestCaseSourceAttribute must refer to a static field, property or method.]]></message>
                </failure>
              </test-case>
            </test-suite>
            <test-suite type="ParameterizedMethod" id="1172" name="ShouldBeNationalDay" fullname="DateTimeExtensions.Tests.ViHolidaysTests.ShouldBeNationalDay" classname="DateTimeExtensions.Tests.ViHolidaysTests" runstate="Runnable" testcasecount="1" result="Failed" site="Child" start-time="2017-01-13 09:32:51Z" end-time="2017-01-13 09:32:51Z" duration="0.000936" total="1" passed="0" failed="1" warnings="0" inconclusive="0" skipped="0" asserts="0">
              <failure>
                <message><![CDATA[One or more child tests had errors]]></message>
              </failure>
              <test-case id="1171" name="ShouldBeNationalDay" fullname="DateTimeExtensions.Tests.ViHolidaysTests.ShouldBeNationalDay" methodname="ShouldBeNationalDay" classname="DateTimeExtensions.Tests.ViHolidaysTests" runstate="NotRunnable" seed="125502524" result="Failed" label="Invalid" start-time="2017-01-13 09:32:51Z" end-time="2017-01-13 09:32:51Z" duration="0.000001" asserts="0">
                <properties>
                  <property name="_SKIPREASON" value="The sourceName specified on a TestCaseSourceAttribute must refer to a static field, property or method." />
                </properties>
                <failure>
                  <message><![CDATA[The sourceName specified on a TestCaseSourceAttribute must refer to a static field, property or method.]]></message>
                </failure>
              </test-case>
            </test-suite>
            <test-suite type="ParameterizedMethod" id="1174" name="ShouldBeNewYearDay" fullname="DateTimeExtensions.Tests.ViHolidaysTests.ShouldBeNewYearDay" classname="DateTimeExtensions.Tests.ViHolidaysTests" runstate="Runnable" testcasecount="1" result="Failed" site="Child" start-time="2017-01-13 09:32:51Z" end-time="2017-01-13 09:32:51Z" duration="0.000875" total="1" passed="0" failed="1" warnings="0" inconclusive="0" skipped="0" asserts="0">
              <failure>
                <message><![CDATA[One or more child tests had errors]]></message>
              </failure>
              <test-case id="1173" name="ShouldBeNewYearDay" fullname="DateTimeExtensions.Tests.ViHolidaysTests.ShouldBeNewYearDay" methodname="ShouldBeNewYearDay" classname="DateTimeExtensions.Tests.ViHolidaysTests" runstate="NotRunnable" seed="1547023267" result="Failed" label="Invalid" start-time="2017-01-13 09:32:51Z" end-time="2017-01-13 09:32:51Z" duration="0.000002" asserts="0">
                <properties>
                  <property name="_SKIPREASON" value="The sourceName specified on a TestCaseSourceAttribute must refer to a static field, property or method." />
                </properties>
                <failure>
                  <message><![CDATA[The sourceName specified on a TestCaseSourceAttribute must refer to a static field, property or method.]]></message>
                </failure>
              </test-case>
            </test-suite>
            <test-case id="1164" name="ShouldGetViVnStrategy" fullname="DateTimeExtensions.Tests.ViHolidaysTests.ShouldGetViVnStrategy" methodname="ShouldGetViVnStrategy" classname="DateTimeExtensions.Tests.ViHolidaysTests" runstate="Runnable" seed="1303792184" result="Passed" start-time="2017-01-13 09:32:51Z" end-time="2017-01-13 09:32:51Z" duration="0.001847" asserts="1" />
            <test-case id="1175" name="VietNamPublicHolidaysShouldBe5" fullname="DateTimeExtensions.Tests.ViHolidaysTests.VietNamPublicHolidaysShouldBe5" methodname="VietNamPublicHolidaysShouldBe5" classname="DateTimeExtensions.Tests.ViHolidaysTests" runstate="Runnable" seed="462711754" result="Passed" start-time="2017-01-13 09:32:51Z" end-time="2017-01-13 09:32:51Z" duration="0.000665" asserts="1" />
          </test-suite>
        </test-suite>
      </test-suite>
    </test-suite>
  </test-run>
</test-run>